[ 2016-05-24T10:43:41+08:00 ] 127.0.0.1 /blog/
INFO: [ app_init ] --START--
INFO: Run Behavior\BuildLiteBehavior [ RunTime:0.000000s ]
INFO: [ app_init ] --END-- [ RunTime:0.001000s ]
INFO: [ app_begin ] --START--
INFO: Run Behavior\ReadHtmlCacheBehavior [ RunTime:0.003000s ]
INFO: [ app_begin ] --END-- [ RunTime:0.003000s ]
INFO: [ view_parse ] --START--
INFO: [ template_filter ] --START--
INFO: Run Behavior\ContentReplaceBehavior [ RunTime:0.000000s ]
INFO: [ template_filter ] --END-- [ RunTime:0.000000s ]
SQL: SHOW COLUMNS FROM `hd_cate` [ RunTime:0.0070s ]
SQL: SELECT * FROM `hd_cate` ORDER BY sort  [ RunTime:0.0010s ]
SQL: SHOW COLUMNS FROM `hd_blog` [ RunTime:0.0070s ]
SQL: SELECT `id`,`title`,`click` FROM `hd_blog` ORDER BY click DESC LIMIT 5   [ RunTime:0.0010s ]
SQL: SELECT `id`,`title`,`time` FROM `hd_blog` ORDER BY time DESC LIMIT 5   [ RunTime:0.0010s ]
INFO: [ view_parse ] --START--
INFO: [ template_filter ] --START--
INFO: Run Behavior\ContentReplaceBehavior [ RunTime:0.000000s ]
INFO: [ template_filter ] --END-- [ RunTime:-0.077005s ]
INFO: Run Behavior\ParseTemplateBehavior [ RunTime:0.013001s ]
INFO: [ view_parse ] --END-- [ RunTime:0.013001s ]
INFO: [ view_filter ] --START--
INFO: Run Behavior\WriteHtmlCacheBehavior [ RunTime:0.002000s ]
INFO: [ view_filter ] --END-- [ RunTime:0.003000s ]
SQL: SHOW COLUMNS FROM `hd_url` [ RunTime:0.0070s ]
SQL: SELECT * FROM `hd_url`  [ RunTime:0.0000s ]
INFO: [ view_parse ] --START--
INFO: [ template_filter ] --START--
INFO: Run Behavior\ContentReplaceBehavior [ RunTime:0.000000s ]
INFO: [ template_filter ] --END-- [ RunTime:-0.102006s ]
NOTIC: [8] Undefined index: title C:\wamp\www\blog\APP\Runtime\Cache\Home\6740a9a9c618c02e135df7b1d0e56633.php 第 3 行.
NOTIC: [8] Undefined index: title C:\wamp\www\blog\APP\Runtime\Cache\Home\6740a9a9c618c02e135df7b1d0e56633.php 第 3 行.
NOTIC: [8] Undefined index: title C:\wamp\www\blog\APP\Runtime\Cache\Home\6740a9a9c618c02e135df7b1d0e56633.php 第 3 行.
INFO: Run Behavior\ParseTemplateBehavior [ RunTime:0.011000s ]
INFO: [ view_parse ] --END-- [ RunTime:-0.013001s ]
INFO: [ view_filter ] --START--
INFO: Run Behavior\WriteHtmlCacheBehavior [ RunTime:0.000000s ]
INFO: [ view_filter ] --END-- [ RunTime:-0.021001s ]
INFO: Run Behavior\ParseTemplateBehavior [ RunTime:0.012000s ]
INFO: [ view_parse ] --END-- [ RunTime:-0.013001s ]
INFO: [ view_filter ] --START--
INFO: Run Behavior\WriteHtmlCacheBehavior [ RunTime:0.000000s ]
INFO: [ view_filter ] --END-- [ RunTime:-0.022001s ]
INFO: [ app_end ] --START--
INFO: Run Behavior\ShowPageTraceBehavior [ RunTime:0.007000s ]
INFO: [ app_end ] --END-- [ RunTime:0.007000s ]

[ 2016-05-24T10:44:32+08:00 ] 127.0.0.1 /blog/
INFO: [ app_init ] --START--
INFO: Run Behavior\BuildLiteBehavior [ RunTime:0.000000s ]
INFO: [ app_init ] --END-- [ RunTime:0.001000s ]
INFO: [ app_begin ] --START--
INFO: Run Behavior\ReadHtmlCacheBehavior [ RunTime:0.002001s ]
INFO: [ app_begin ] --END-- [ RunTime:0.002001s ]
INFO: [ view_parse ] --START--
INFO: [ template_filter ] --START--
INFO: Run Behavior\ContentReplaceBehavior [ RunTime:0.000000s ]
INFO: [ template_filter ] --END-- [ RunTime:0.000000s ]
SQL: SHOW COLUMNS FROM `hd_cate` [ RunTime:0.0060s ]
SQL: SELECT * FROM `hd_cate` ORDER BY sort  [ RunTime:0.0010s ]
SQL: SHOW COLUMNS FROM `hd_blog` [ RunTime:0.0070s ]
SQL: SELECT `id`,`title`,`click` FROM `hd_blog` ORDER BY click DESC LIMIT 5   [ RunTime:0.0010s ]
SQL: SELECT `id`,`title`,`time` FROM `hd_blog` ORDER BY time DESC LIMIT 5   [ RunTime:0.0010s ]
INFO: [ view_parse ] --START--
INFO: [ template_filter ] --START--
INFO: Run Behavior\ContentReplaceBehavior [ RunTime:0.001000s ]
INFO: [ template_filter ] --END-- [ RunTime:-0.067004s ]
INFO: Run Behavior\ParseTemplateBehavior [ RunTime:0.009000s ]
INFO: [ view_parse ] --END-- [ RunTime:0.010000s ]
INFO: [ view_filter ] --START--
INFO: Run Behavior\WriteHtmlCacheBehavior [ RunTime:0.001000s ]
INFO: [ view_filter ] --END-- [ RunTime:0.001000s ]
SQL: SHOW COLUMNS FROM `hd_url` [ RunTime:0.0060s ]
SQL: SELECT * FROM `hd_url`  [ RunTime:0.0000s ]
INFO: [ view_parse ] --START--
INFO: [ template_filter ] --START--
INFO: Run Behavior\ContentReplaceBehavior [ RunTime:0.000000s ]
INFO: [ template_filter ] --END-- [ RunTime:-0.088005s ]
INFO: Run Behavior\ParseTemplateBehavior [ RunTime:0.010001s ]
INFO: [ view_parse ] --END-- [ RunTime:-0.011001s ]
INFO: [ view_filter ] --START--
INFO: Run Behavior\WriteHtmlCacheBehavior [ RunTime:0.001000s ]
INFO: [ view_filter ] --END-- [ RunTime:-0.019002s ]
INFO: Run Behavior\ParseTemplateBehavior [ RunTime:0.011001s ]
INFO: [ view_parse ] --END-- [ RunTime:-0.011001s ]
INFO: [ view_filter ] --START--
INFO: Run Behavior\WriteHtmlCacheBehavior [ RunTime:0.000000s ]
INFO: [ view_filter ] --END-- [ RunTime:-0.020002s ]
INFO: [ app_end ] --START--
INFO: Run Behavior\ShowPageTraceBehavior [ RunTime:0.014000s ]
INFO: [ app_end ] --END-- [ RunTime:0.015000s ]

[ 2016-05-24T10:44:52+08:00 ] 127.0.0.1 /blog/
INFO: [ app_init ] --START--
INFO: Run Behavior\BuildLiteBehavior [ RunTime:0.000000s ]
INFO: [ app_init ] --END-- [ RunTime:0.002000s ]
INFO: [ app_begin ] --START--
INFO: Run Behavior\ReadHtmlCacheBehavior [ RunTime:0.003000s ]
INFO: [ app_begin ] --END-- [ RunTime:0.003000s ]
INFO: [ view_parse ] --START--
INFO: [ template_filter ] --START--
INFO: Run Behavior\ContentReplaceBehavior [ RunTime:0.000000s ]
INFO: [ template_filter ] --END-- [ RunTime:0.001000s ]
SQL: SHOW COLUMNS FROM `hd_cate` [ RunTime:0.0070s ]
SQL: SELECT * FROM `hd_cate` ORDER BY sort  [ RunTime:0.0010s ]
SQL: SHOW COLUMNS FROM `hd_blog` [ RunTime:0.0060s ]
SQL: SELECT `id`,`title`,`click` FROM `hd_blog` ORDER BY click DESC LIMIT 5   [ RunTime:0.0000s ]
SQL: SELECT `id`,`title`,`time` FROM `hd_blog` ORDER BY time DESC LIMIT 5   [ RunTime:0.0010s ]
INFO: [ view_parse ] --START--
INFO: [ template_filter ] --START--
INFO: Run Behavior\ContentReplaceBehavior [ RunTime:0.000000s ]
INFO: [ template_filter ] --END-- [ RunTime:-0.063003s ]
INFO: Run Behavior\ParseTemplateBehavior [ RunTime:0.011001s ]
INFO: [ view_parse ] --END-- [ RunTime:0.011001s ]
INFO: [ view_filter ] --START--
INFO: Run Behavior\WriteHtmlCacheBehavior [ RunTime:0.003000s ]
INFO: [ view_filter ] --END-- [ RunTime:0.003000s ]
SQL: SHOW COLUMNS FROM `hd_url` [ RunTime:0.0070s ]
SQL: SELECT * FROM `hd_url`  [ RunTime:0.0010s ]
INFO: [ view_parse ] --START--
INFO: [ template_filter ] --START--
INFO: Run Behavior\ContentReplaceBehavior [ RunTime:0.001000s ]
INFO: [ template_filter ] --END-- [ RunTime:-0.086005s ]
INFO: Run Behavior\ParseTemplateBehavior [ RunTime:0.015001s ]
INFO: [ view_parse ] --END-- [ RunTime:-0.012000s ]
INFO: [ view_filter ] --START--
INFO: Run Behavior\WriteHtmlCacheBehavior [ RunTime:0.000000s ]
INFO: [ view_filter ] --END-- [ RunTime:-0.025001s ]
INFO: Run Behavior\ParseTemplateBehavior [ RunTime:0.016001s ]
INFO: [ view_parse ] --END-- [ RunTime:-0.012000s ]
INFO: [ view_filter ] --START--
INFO: Run Behavior\WriteHtmlCacheBehavior [ RunTime:0.001000s ]
INFO: [ view_filter ] --END-- [ RunTime:-0.026001s ]
INFO: [ app_end ] --START--
INFO: Run Behavior\ShowPageTraceBehavior [ RunTime:0.002000s ]
INFO: [ app_end ] --END-- [ RunTime:0.002000s ]

[ 2016-05-24T10:45:08+08:00 ] 127.0.0.1 /blog/
INFO: [ app_init ] --START--
INFO: Run Behavior\BuildLiteBehavior [ RunTime:0.000000s ]
INFO: [ app_init ] --END-- [ RunTime:0.001000s ]
INFO: [ app_begin ] --START--
INFO: Run Behavior\ReadHtmlCacheBehavior [ RunTime:0.002000s ]
INFO: [ app_begin ] --END-- [ RunTime:0.002000s ]
INFO: [ view_parse ] --START--
INFO: [ template_filter ] --START--
INFO: Run Behavior\ContentReplaceBehavior [ RunTime:0.000000s ]
INFO: [ template_filter ] --END-- [ RunTime:0.000000s ]
SQL: SHOW COLUMNS FROM `hd_cate` [ RunTime:0.0090s ]
SQL: SELECT * FROM `hd_cate` ORDER BY sort  [ RunTime:0.0010s ]
SQL: SHOW COLUMNS FROM `hd_blog` [ RunTime:0.0090s ]
SQL: SELECT `id`,`title`,`click` FROM `hd_blog` ORDER BY click DESC LIMIT 5   [ RunTime:0.0000s ]
SQL: SELECT `id`,`title`,`time` FROM `hd_blog` ORDER BY time DESC LIMIT 5   [ RunTime:0.0000s ]
INFO: [ view_parse ] --START--
INFO: [ template_filter ] --START--
INFO: Run Behavior\ContentReplaceBehavior [ RunTime:0.001000s ]
INFO: [ template_filter ] --END-- [ RunTime:-0.070004s ]
INFO: Run Behavior\ParseTemplateBehavior [ RunTime:0.010001s ]
INFO: [ view_parse ] --END-- [ RunTime:0.010001s ]
INFO: [ view_filter ] --START--
INFO: Run Behavior\WriteHtmlCacheBehavior [ RunTime:0.001000s ]
INFO: [ view_filter ] --END-- [ RunTime:0.002000s ]
SQL: SHOW COLUMNS FROM `hd_url` [ RunTime:0.0060s ]
SQL: SELECT * FROM `hd_url`  [ RunTime:0.0000s ]
INFO: [ view_parse ] --START--
INFO: [ template_filter ] --START--
INFO: Run Behavior\ContentReplaceBehavior [ RunTime:0.000000s ]
INFO: [ template_filter ] --END-- [ RunTime:-0.092005s ]
INFO: Run Behavior\ParseTemplateBehavior [ RunTime:0.010000s ]
INFO: [ view_parse ] --END-- [ RunTime:-0.011001s ]
INFO: [ view_filter ] --START--
INFO: Run Behavior\WriteHtmlCacheBehavior [ RunTime:0.000000s ]
INFO: [ view_filter ] --END-- [ RunTime:-0.019001s ]
INFO: Run Behavior\ParseTemplateBehavior [ RunTime:0.010000s ]
INFO: [ view_parse ] --END-- [ RunTime:-0.011001s ]
INFO: [ view_filter ] --START--
INFO: Run Behavior\WriteHtmlCacheBehavior [ RunTime:0.000000s ]
INFO: [ view_filter ] --END-- [ RunTime:-0.020001s ]
INFO: [ app_end ] --START--
INFO: Run Behavior\ShowPageTraceBehavior [ RunTime:0.003000s ]
INFO: [ app_end ] --END-- [ RunTime:0.004001s ]

[ 2016-05-24T10:45:38+08:00 ] 127.0.0.1 /blog/
INFO: [ app_init ] --START--
INFO: Run Behavior\BuildLiteBehavior [ RunTime:0.000000s ]
INFO: [ app_init ] --END-- [ RunTime:0.001000s ]
INFO: [ app_begin ] --START--
INFO: Run Behavior\ReadHtmlCacheBehavior [ RunTime:0.002001s ]
INFO: [ app_begin ] --END-- [ RunTime:0.002001s ]
INFO: [ view_parse ] --START--
INFO: [ template_filter ] --START--
INFO: Run Behavior\ContentReplaceBehavior [ RunTime:0.000000s ]
INFO: [ template_filter ] --END-- [ RunTime:0.001000s ]
SQL: SHOW COLUMNS FROM `hd_cate` [ RunTime:0.0060s ]
SQL: SELECT * FROM `hd_cate` ORDER BY sort  [ RunTime:0.0010s ]
SQL: SHOW COLUMNS FROM `hd_blog` [ RunTime:0.0060s ]
SQL: SELECT `id`,`title`,`click` FROM `hd_blog` ORDER BY click DESC LIMIT 5   [ RunTime:0.0010s ]
SQL: SELECT `id`,`title`,`time` FROM `hd_blog` ORDER BY time DESC LIMIT 5   [ RunTime:0.0010s ]
INFO: [ view_parse ] --START--
INFO: [ template_filter ] --START--
INFO: Run Behavior\ContentReplaceBehavior [ RunTime:0.000000s ]
INFO: [ template_filter ] --END-- [ RunTime:-0.073004s ]
INFO: Run Behavior\ParseTemplateBehavior [ RunTime:0.012001s ]
INFO: [ view_parse ] --END-- [ RunTime:0.012001s ]
INFO: [ view_filter ] --START--
INFO: Run Behavior\WriteHtmlCacheBehavior [ RunTime:0.002000s ]
INFO: [ view_filter ] --END-- [ RunTime:0.002000s ]
SQL: SHOW COLUMNS FROM `hd_url` [ RunTime:0.0100s ]
SQL: SELECT * FROM `hd_url`  [ RunTime:0.0010s ]
INFO: [ view_parse ] --START--
INFO: [ template_filter ] --START--
INFO: Run Behavior\ContentReplaceBehavior [ RunTime:0.000000s ]
INFO: [ template_filter ] --END-- [ RunTime:-0.103005s ]
INFO: Run Behavior\ParseTemplateBehavior [ RunTime:0.011001s ]
INFO: [ view_parse ] --END-- [ RunTime:-0.018001s ]
INFO: [ view_filter ] --START--
INFO: Run Behavior\WriteHtmlCacheBehavior [ RunTime:0.000000s ]
INFO: [ view_filter ] --END-- [ RunTime:-0.026002s ]
INFO: Run Behavior\ParseTemplateBehavior [ RunTime:0.012001s ]
INFO: [ view_parse ] --END-- [ RunTime:-0.018001s ]
INFO: [ view_filter ] --START--
INFO: Run Behavior\WriteHtmlCacheBehavior [ RunTime:0.000000s ]
INFO: [ view_filter ] --END-- [ RunTime:-0.028002s ]
INFO: [ app_end ] --START--
INFO: Run Behavior\ShowPageTraceBehavior [ RunTime:0.003000s ]
INFO: [ app_end ] --END-- [ RunTime:0.003000s ]

[ 2016-05-24T10:48:26+08:00 ] 127.0.0.1 /blog/?keyword=&search=%E6%90%9C%E7%B4%A2
INFO: [ app_init ] --START--
INFO: Run Behavior\BuildLiteBehavior [ RunTime:0.000000s ]
INFO: [ app_init ] --END-- [ RunTime:0.001000s ]
INFO: [ app_begin ] --START--
INFO: Run Behavior\ReadHtmlCacheBehavior [ RunTime:0.002000s ]
INFO: [ app_begin ] --END-- [ RunTime:0.003000s ]
INFO: [ view_parse ] --START--
INFO: [ template_filter ] --START--
INFO: Run Behavior\ContentReplaceBehavior [ RunTime:0.000000s ]
INFO: [ template_filter ] --END-- [ RunTime:0.000000s ]
SQL: SHOW COLUMNS FROM `hd_cate` [ RunTime:0.0080s ]
SQL: SELECT * FROM `hd_cate` ORDER BY sort  [ RunTime:0.0010s ]
SQL: SHOW COLUMNS FROM `hd_blog` [ RunTime:0.0080s ]
SQL: SELECT `id`,`title`,`click` FROM `hd_blog` ORDER BY click DESC LIMIT 5   [ RunTime:0.0000s ]
SQL: SELECT `id`,`title`,`time` FROM `hd_blog` ORDER BY time DESC LIMIT 5   [ RunTime:0.0010s ]
INFO: [ view_parse ] --START--
INFO: [ template_filter ] --START--
INFO: Run Behavior\ContentReplaceBehavior [ RunTime:0.000000s ]
INFO: [ template_filter ] --END-- [ RunTime:-0.076005s ]
INFO: Run Behavior\ParseTemplateBehavior [ RunTime:0.013001s ]
INFO: [ view_parse ] --END-- [ RunTime:0.013001s ]
INFO: [ view_filter ] --START--
INFO: Run Behavior\WriteHtmlCacheBehavior [ RunTime:0.002000s ]
INFO: [ view_filter ] --END-- [ RunTime:0.002000s ]
SQL: SHOW COLUMNS FROM `hd_url` [ RunTime:0.0070s ]
SQL: SELECT * FROM `hd_url`  [ RunTime:0.0000s ]
INFO: [ view_parse ] --START--
INFO: [ template_filter ] --START--
INFO: Run Behavior\ContentReplaceBehavior [ RunTime:0.000000s ]
INFO: [ template_filter ] --END-- [ RunTime:-0.101006s ]
INFO: Run Behavior\ParseTemplateBehavior [ RunTime:0.011000s ]
INFO: [ view_parse ] --END-- [ RunTime:-0.013001s ]
INFO: [ view_filter ] --START--
INFO: Run Behavior\WriteHtmlCacheBehavior [ RunTime:0.000000s ]
INFO: [ view_filter ] --END-- [ RunTime:-0.022001s ]
INFO: Run Behavior\ParseTemplateBehavior [ RunTime:0.012000s ]
INFO: [ view_parse ] --END-- [ RunTime:-0.013001s ]
INFO: [ view_filter ] --START--
INFO: Run Behavior\WriteHtmlCacheBehavior [ RunTime:0.000000s ]
INFO: [ view_filter ] --END-- [ RunTime:-0.023001s ]
INFO: [ app_end ] --START--
INFO: Run Behavior\ShowPageTraceBehavior [ RunTime:0.002000s ]
INFO: [ app_end ] --END-- [ RunTime:0.002000s ]

[ 2016-05-24T10:48:33+08:00 ] 127.0.0.1 /blog/?keyword=%E6%B5%8B%E8%AF%95
INFO: [ app_init ] --START--
INFO: Run Behavior\BuildLiteBehavior [ RunTime:0.000000s ]
INFO: [ app_init ] --END-- [ RunTime:0.001000s ]
INFO: [ app_begin ] --START--
INFO: Run Behavior\ReadHtmlCacheBehavior [ RunTime:0.001000s ]
INFO: [ app_begin ] --END-- [ RunTime:0.001000s ]
INFO: [ view_parse ] --START--
INFO: [ template_filter ] --START--
INFO: Run Behavior\ContentReplaceBehavior [ RunTime:0.001000s ]
INFO: [ template_filter ] --END-- [ RunTime:0.001000s ]
SQL: SHOW COLUMNS FROM `hd_cate` [ RunTime:0.0060s ]
SQL: SELECT * FROM `hd_cate` ORDER BY sort  [ RunTime:0.0010s ]
SQL: SHOW COLUMNS FROM `hd_blog` [ RunTime:0.0070s ]
SQL: SELECT `id`,`title`,`click` FROM `hd_blog` ORDER BY click DESC LIMIT 5   [ RunTime:0.0010s ]
SQL: SELECT `id`,`title`,`time` FROM `hd_blog` ORDER BY time DESC LIMIT 5   [ RunTime:0.0010s ]
INFO: [ view_parse ] --START--
INFO: [ template_filter ] --START--
INFO: Run Behavior\ContentReplaceBehavior [ RunTime:0.001000s ]
INFO: [ template_filter ] --END-- [ RunTime:-0.055003s ]
INFO: Run Behavior\ParseTemplateBehavior [ RunTime:0.010001s ]
INFO: [ view_parse ] --END-- [ RunTime:0.010001s ]
INFO: [ view_filter ] --START--
INFO: Run Behavior\WriteHtmlCacheBehavior [ RunTime:0.001000s ]
INFO: [ view_filter ] --END-- [ RunTime:0.001000s ]
SQL: SHOW COLUMNS FROM `hd_url` [ RunTime:0.0060s ]
SQL: SELECT * FROM `hd_url`  [ RunTime:0.0000s ]
INFO: [ view_parse ] --START--
INFO: [ template_filter ] --START--
INFO: Run Behavior\ContentReplaceBehavior [ RunTime:0.000000s ]
INFO: [ template_filter ] --END-- [ RunTime:-0.076004s ]
INFO: Run Behavior\ParseTemplateBehavior [ RunTime:0.008000s ]
INFO: [ view_parse ] --END-- [ RunTime:-0.011001s ]
INFO: [ view_filter ] --START--
INFO: Run Behavior\WriteHtmlCacheBehavior [ RunTime:0.000000s ]
INFO: [ view_filter ] --END-- [ RunTime:-0.019001s ]
INFO: Run Behavior\ParseTemplateBehavior [ RunTime:0.009000s ]
INFO: [ view_parse ] --END-- [ RunTime:-0.011001s ]
INFO: [ view_filter ] --START--
INFO: Run Behavior\WriteHtmlCacheBehavior [ RunTime:0.000000s ]
INFO: [ view_filter ] --END-- [ RunTime:-0.019001s ]
INFO: [ app_end ] --START--
INFO: Run Behavior\ShowPageTraceBehavior [ RunTime:0.002000s ]
INFO: [ app_end ] --END-- [ RunTime:0.002000s ]

[ 2016-05-24T10:48:49+08:00 ] 127.0.0.1 /blog/
INFO: [ app_init ] --START--
INFO: Run Behavior\BuildLiteBehavior [ RunTime:0.001000s ]
INFO: [ app_init ] --END-- [ RunTime:0.001000s ]
INFO: [ app_begin ] --START--
INFO: Run Behavior\ReadHtmlCacheBehavior [ RunTime:0.001001s ]
INFO: [ app_begin ] --END-- [ RunTime:0.003001s ]
INFO: [ view_parse ] --START--
INFO: [ template_filter ] --START--
INFO: Run Behavior\ContentReplaceBehavior [ RunTime:0.000000s ]
INFO: [ template_filter ] --END-- [ RunTime:0.000000s ]
SQL: SHOW COLUMNS FROM `hd_cate` [ RunTime:0.0060s ]
SQL: SELECT * FROM `hd_cate` ORDER BY sort  [ RunTime:0.0000s ]
SQL: SHOW COLUMNS FROM `hd_blog` [ RunTime:0.0070s ]
SQL: SELECT `id`,`title`,`click` FROM `hd_blog` ORDER BY click DESC LIMIT 5   [ RunTime:0.0010s ]
SQL: SELECT `id`,`title`,`time` FROM `hd_blog` ORDER BY time DESC LIMIT 5   [ RunTime:0.0000s ]
INFO: [ view_parse ] --START--
INFO: [ template_filter ] --START--
INFO: Run Behavior\ContentReplaceBehavior [ RunTime:0.000000s ]
INFO: [ template_filter ] --END-- [ RunTime:-0.070004s ]
INFO: Run Behavior\ParseTemplateBehavior [ RunTime:0.011001s ]
INFO: [ view_parse ] --END-- [ RunTime:0.011001s ]
INFO: [ view_filter ] --START--
INFO: Run Behavior\WriteHtmlCacheBehavior [ RunTime:0.001000s ]
INFO: [ view_filter ] --END-- [ RunTime:0.001000s ]
SQL: SHOW COLUMNS FROM `hd_url` [ RunTime:0.0060s ]
SQL: SELECT * FROM `hd_url`  [ RunTime:0.0000s ]
INFO: [ view_parse ] --START--
INFO: [ template_filter ] --START--
INFO: Run Behavior\ContentReplaceBehavior [ RunTime:0.000000s ]
INFO: [ template_filter ] --END-- [ RunTime:-0.093005s ]
INFO: Run Behavior\ParseTemplateBehavior [ RunTime:0.010000s ]
INFO: [ view_parse ] --END-- [ RunTime:-0.012001s ]
INFO: [ view_filter ] --START--
INFO: Run Behavior\WriteHtmlCacheBehavior [ RunTime:0.000000s ]
INFO: [ view_filter ] --END-- [ RunTime:-0.021001s ]
INFO: Run Behavior\ParseTemplateBehavior [ RunTime:0.011000s ]
INFO: [ view_parse ] --END-- [ RunTime:-0.012001s ]
INFO: [ view_filter ] --START--
INFO: Run Behavior\WriteHtmlCacheBehavior [ RunTime:0.000000s ]
INFO: [ view_filter ] --END-- [ RunTime:-0.021001s ]
INFO: [ app_end ] --START--
INFO: Run Behavior\ShowPageTraceBehavior [ RunTime:0.002000s ]
INFO: [ app_end ] --END-- [ RunTime:0.003000s ]

[ 2016-05-24T11:09:39+08:00 ] 127.0.0.1 /blog/
INFO: [ app_init ] --START--
INFO: Run Behavior\BuildLiteBehavior [ RunTime:0.001000s ]
INFO: [ app_init ] --END-- [ RunTime:0.001000s ]
INFO: [ app_begin ] --START--
INFO: Run Behavior\ReadHtmlCacheBehavior [ RunTime:0.002000s ]
INFO: [ app_begin ] --END-- [ RunTime:0.002000s ]
SQL: SHOW COLUMNS FROM `hd_blog` [ RunTime:0.0090s ]
SQL: SELECT * FROM `hd_blog`  [ RunTime:0.0010s ]
INFO: [ view_parse ] --START--
INFO: [ template_filter ] --START--
INFO: Run Behavior\ContentReplaceBehavior [ RunTime:0.001000s ]
INFO: [ template_filter ] --END-- [ RunTime:0.001000s ]
SQL: SHOW COLUMNS FROM `hd_cate` [ RunTime:0.0050s ]
SQL: SELECT * FROM `hd_cate` ORDER BY sort  [ RunTime:0.0010s ]
SQL: SELECT `id`,`title`,`click` FROM `hd_blog` ORDER BY click DESC LIMIT 5   [ RunTime:0.0000s ]
SQL: SELECT `id`,`title`,`time` FROM `hd_blog` ORDER BY time DESC LIMIT 5   [ RunTime:0.0010s ]
INFO: [ view_parse ] --START--
INFO: [ template_filter ] --START--
INFO: Run Behavior\ContentReplaceBehavior [ RunTime:0.000000s ]
INFO: [ template_filter ] --END-- [ RunTime:-0.031002s ]
INFO: Run Behavior\ParseTemplateBehavior [ RunTime:0.009000s ]
INFO: [ view_parse ] --END-- [ RunTime:0.010000s ]
INFO: [ view_filter ] --START--
INFO: Run Behavior\WriteHtmlCacheBehavior [ RunTime:0.001000s ]
INFO: [ view_filter ] --END-- [ RunTime:0.001000s ]
SQL: SHOW COLUMNS FROM `hd_url` [ RunTime:0.0060s ]
SQL: SELECT * FROM `hd_url`  [ RunTime:0.0010s ]
INFO: [ view_parse ] --START--
INFO: [ template_filter ] --START--
INFO: Run Behavior\ContentReplaceBehavior [ RunTime:0.000000s ]
INFO: [ template_filter ] --END-- [ RunTime:-0.053003s ]
INFO: Run Behavior\ParseTemplateBehavior [ RunTime:0.009000s ]
INFO: [ view_parse ] --END-- [ RunTime:-0.011001s ]
INFO: [ view_filter ] --START--
INFO: Run Behavior\WriteHtmlCacheBehavior [ RunTime:0.000000s ]
INFO: [ view_filter ] --END-- [ RunTime:-0.019001s ]
INFO: Run Behavior\ParseTemplateBehavior [ RunTime:0.010000s ]
INFO: [ view_parse ] --END-- [ RunTime:-0.011001s ]
INFO: [ view_filter ] --START--
INFO: Run Behavior\WriteHtmlCacheBehavior [ RunTime:0.000000s ]
INFO: [ view_filter ] --END-- [ RunTime:-0.020001s ]
INFO: [ app_end ] --START--
INFO: Run Behavior\ShowPageTraceBehavior [ RunTime:0.003000s ]
INFO: [ app_end ] --END-- [ RunTime:0.003000s ]

[ 2016-05-24T11:12:48+08:00 ] 127.0.0.1 /blog/
INFO: [ app_init ] --START--
INFO: Run Behavior\BuildLiteBehavior [ RunTime:0.000000s ]
INFO: [ app_init ] --END-- [ RunTime:0.001000s ]
INFO: [ app_begin ] --START--
INFO: Run Behavior\ReadHtmlCacheBehavior [ RunTime:0.003001s ]
INFO: [ app_begin ] --END-- [ RunTime:0.003001s ]
SQL: SHOW COLUMNS FROM `hd_cate` [ RunTime:0.0060s ]
SQL: SELECT * FROM `hd_cate` WHERE `pid` = 0 ORDER BY sort  [ RunTime:0.0000s ]
INFO: [ view_parse ] --START--
INFO: [ template_filter ] --START--
INFO: Run Behavior\ContentReplaceBehavior [ RunTime:0.000000s ]
INFO: [ template_filter ] --END-- [ RunTime:0.000000s ]
SQL: SELECT * FROM `hd_cate` ORDER BY sort  [ RunTime:0.0000s ]
SQL: SHOW COLUMNS FROM `hd_blog` [ RunTime:0.0070s ]
SQL: SELECT `id`,`title`,`click` FROM `hd_blog` ORDER BY click DESC LIMIT 5   [ RunTime:0.0000s ]
SQL: SELECT `id`,`title`,`time` FROM `hd_blog` ORDER BY time DESC LIMIT 5   [ RunTime:0.0000s ]
INFO: [ view_parse ] --START--
INFO: [ template_filter ] --START--
INFO: Run Behavior\ContentReplaceBehavior [ RunTime:0.000000s ]
INFO: [ template_filter ] --END-- [ RunTime:-0.038002s ]
INFO: Run Behavior\ParseTemplateBehavior [ RunTime:0.014001s ]
INFO: [ view_parse ] --END-- [ RunTime:0.015001s ]
INFO: [ view_filter ] --START--
INFO: Run Behavior\WriteHtmlCacheBehavior [ RunTime:0.002000s ]
INFO: [ view_filter ] --END-- [ RunTime:0.002000s ]
SQL: SHOW COLUMNS FROM `hd_url` [ RunTime:0.0080s ]
SQL: SELECT * FROM `hd_url`  [ RunTime:0.0010s ]
INFO: [ view_parse ] --START--
INFO: [ template_filter ] --START--
INFO: Run Behavior\ContentReplaceBehavior [ RunTime:0.000000s ]
INFO: [ template_filter ] --END-- [ RunTime:-0.066003s ]
INFO: Run Behavior\ParseTemplateBehavior [ RunTime:0.010001s ]
INFO: [ view_parse ] --END-- [ RunTime:-0.015001s ]
INFO: [ view_filter ] --START--
INFO: Run Behavior\WriteHtmlCacheBehavior [ RunTime:0.000000s ]
INFO: [ view_filter ] --END-- [ RunTime:-0.023002s ]
INFO: Run Behavior\ParseTemplateBehavior [ RunTime:0.011001s ]
INFO: [ view_parse ] --END-- [ RunTime:-0.015001s ]
INFO: [ view_filter ] --START--
INFO: Run Behavior\WriteHtmlCacheBehavior [ RunTime:0.000000s ]
INFO: [ view_filter ] --END-- [ RunTime:-0.024002s ]
INFO: [ app_end ] --START--
INFO: Run Behavior\ShowPageTraceBehavior [ RunTime:0.003000s ]
INFO: [ app_end ] --END-- [ RunTime:0.003000s ]

[ 2016-05-24T13:37:34+08:00 ] 127.0.0.1 /blog/
INFO: [ app_init ] --START--
INFO: Run Behavior\BuildLiteBehavior [ RunTime:0.000000s ]
INFO: [ app_init ] --END-- [ RunTime:0.001000s ]
INFO: [ app_begin ] --START--
INFO: Run Behavior\ReadHtmlCacheBehavior [ RunTime:0.002000s ]
INFO: [ app_begin ] --END-- [ RunTime:0.003000s ]
SQL: SHOW COLUMNS FROM `hd_cate` [ RunTime:0.0060s ]
SQL: SELECT * FROM `hd_cate` WHERE `pid` = 0 ORDER BY sort  [ RunTime:0.0000s ]
SQL: SELECT * FROM `hd_cate` ORDER BY sort  [ RunTime:0.0000s ]

[ 2016-05-24T13:38:56+08:00 ] 127.0.0.1 /blog/
INFO: [ app_init ] --START--
INFO: Run Behavior\BuildLiteBehavior [ RunTime:0.000000s ]
INFO: [ app_init ] --END-- [ RunTime:0.001000s ]
INFO: [ app_begin ] --START--
INFO: Run Behavior\ReadHtmlCacheBehavior [ RunTime:0.002000s ]
INFO: [ app_begin ] --END-- [ RunTime:0.002000s ]
SQL: SHOW COLUMNS FROM `hd_cate` [ RunTime:0.0060s ]
SQL: SELECT * FROM `hd_cate` WHERE `pid` = 0 ORDER BY sort  [ RunTime:0.0010s ]
SQL: SELECT * FROM `hd_cate` ORDER BY sort  [ RunTime:0.0000s ]
NOTIC: [2] array_merge(): Argument #1 is not an array C:\wamp\www\blog\APP\Myclass\Category.class.php 第 65 行.
NOTIC: [2] array_merge(): Argument #1 is not an array C:\wamp\www\blog\APP\Myclass\Category.class.php 第 65 行.

[ 2016-05-24T13:40:04+08:00 ] 127.0.0.1 /blog/
INFO: [ app_init ] --START--
INFO: Run Behavior\BuildLiteBehavior [ RunTime:0.000000s ]
INFO: [ app_init ] --END-- [ RunTime:0.001000s ]
INFO: [ app_begin ] --START--
INFO: Run Behavior\ReadHtmlCacheBehavior [ RunTime:0.003000s ]
INFO: [ app_begin ] --END-- [ RunTime:0.003000s ]
SQL: SHOW COLUMNS FROM `hd_cate` [ RunTime:0.0070s ]
SQL: SELECT * FROM `hd_cate` WHERE `pid` = 0 ORDER BY sort  [ RunTime:0.0010s ]
SQL: SELECT * FROM `hd_cate` ORDER BY sort  [ RunTime:0.0010s ]

[ 2016-05-24T13:40:53+08:00 ] 127.0.0.1 /blog/
INFO: [ app_init ] --START--
INFO: Run Behavior\BuildLiteBehavior [ RunTime:0.000000s ]
INFO: [ app_init ] --END-- [ RunTime:0.001000s ]
INFO: [ app_begin ] --START--
INFO: Run Behavior\ReadHtmlCacheBehavior [ RunTime:0.002000s ]
INFO: [ app_begin ] --END-- [ RunTime:0.003000s ]
SQL: SHOW COLUMNS FROM `hd_cate` [ RunTime:0.0060s ]
SQL: SELECT * FROM `hd_cate` WHERE `pid` = 0 ORDER BY sort  [ RunTime:0.0010s ]
SQL: SELECT * FROM `hd_cate` ORDER BY sort  [ RunTime:0.0010s ]

[ 2016-05-24T13:44:49+08:00 ] 127.0.0.1 /blog/
INFO: [ app_init ] --START--
INFO: Run Behavior\BuildLiteBehavior [ RunTime:0.000000s ]
INFO: [ app_init ] --END-- [ RunTime:0.001000s ]
INFO: [ app_begin ] --START--
INFO: Run Behavior\ReadHtmlCacheBehavior [ RunTime:0.003000s ]
INFO: [ app_begin ] --END-- [ RunTime:0.003000s ]
SQL: SHOW COLUMNS FROM `hd_cate` [ RunTime:0.0070s ]
SQL: SELECT * FROM `hd_cate` WHERE `pid` = 0 ORDER BY sort  [ RunTime:0.0010s ]
SQL: SELECT * FROM `hd_cate` ORDER BY sort  [ RunTime:0.0010s ]

[ 2016-05-24T13:47:37+08:00 ] 127.0.0.1 /blog/
INFO: [ app_init ] --START--
INFO: Run Behavior\BuildLiteBehavior [ RunTime:0.000000s ]
INFO: [ app_init ] --END-- [ RunTime:0.001000s ]
INFO: [ app_begin ] --START--
INFO: Run Behavior\ReadHtmlCacheBehavior [ RunTime:0.003000s ]
INFO: [ app_begin ] --END-- [ RunTime:0.003000s ]
SQL: SHOW COLUMNS FROM `hd_cate` [ RunTime:0.0050s ]
SQL: SELECT * FROM `hd_cate` WHERE `pid` = 0 ORDER BY sort  [ RunTime:0.0000s ]
SQL: SELECT * FROM `hd_cate` ORDER BY sort  [ RunTime:0.0000s ]

[ 2016-05-24T13:58:35+08:00 ] 127.0.0.1 /blog/
INFO: [ app_init ] --START--
INFO: Run Behavior\BuildLiteBehavior [ RunTime:0.000000s ]
INFO: [ app_init ] --END-- [ RunTime:0.002000s ]
INFO: [ app_begin ] --START--
INFO: Run Behavior\ReadHtmlCacheBehavior [ RunTime:0.003000s ]
INFO: [ app_begin ] --END-- [ RunTime:0.003000s ]
SQL: SHOW COLUMNS FROM `hd_cate` [ RunTime:0.0080s ]
SQL: SELECT * FROM `hd_cate` WHERE `pid` = 0 ORDER BY sort  [ RunTime:0.0000s ]
SQL: SELECT * FROM `hd_cate` ORDER BY sort  [ RunTime:0.0000s ]

[ 2016-05-24T13:58:37+08:00 ] 127.0.0.1 /blog/
INFO: [ app_init ] --START--
INFO: Run Behavior\BuildLiteBehavior [ RunTime:0.000000s ]
INFO: [ app_init ] --END-- [ RunTime:0.001000s ]
INFO: [ app_begin ] --START--
INFO: Run Behavior\ReadHtmlCacheBehavior [ RunTime:0.003000s ]
INFO: [ app_begin ] --END-- [ RunTime:0.003000s ]
SQL: SHOW COLUMNS FROM `hd_cate` [ RunTime:0.0060s ]
SQL: SELECT * FROM `hd_cate` WHERE `pid` = 0 ORDER BY sort  [ RunTime:0.0000s ]
SQL: SELECT * FROM `hd_cate` ORDER BY sort  [ RunTime:0.0000s ]

[ 2016-05-24T13:59:28+08:00 ] 127.0.0.1 /blog/
INFO: [ app_init ] --START--
INFO: Run Behavior\BuildLiteBehavior [ RunTime:0.000000s ]
INFO: [ app_init ] --END-- [ RunTime:0.001000s ]
INFO: [ app_begin ] --START--
INFO: Run Behavior\ReadHtmlCacheBehavior [ RunTime:0.003000s ]
INFO: [ app_begin ] --END-- [ RunTime:0.003000s ]
SQL: SHOW COLUMNS FROM `hd_cate` [ RunTime:0.0070s ]
SQL: SELECT * FROM `hd_cate` WHERE `pid` = 0 ORDER BY sort  [ RunTime:0.0010s ]
SQL: SELECT * FROM `hd_cate` ORDER BY sort  [ RunTime:0.0010s ]

[ 2016-05-24T13:59:59+08:00 ] 127.0.0.1 /blog/
INFO: [ app_init ] --START--
INFO: Run Behavior\BuildLiteBehavior [ RunTime:0.000000s ]
INFO: [ app_init ] --END-- [ RunTime:0.001000s ]
INFO: [ app_begin ] --START--
INFO: Run Behavior\ReadHtmlCacheBehavior [ RunTime:0.003000s ]
INFO: [ app_begin ] --END-- [ RunTime:0.003000s ]
SQL: SHOW COLUMNS FROM `hd_cate` [ RunTime:0.0060s ]
SQL: SELECT * FROM `hd_cate` WHERE `pid` = 0 ORDER BY sort  [ RunTime:0.0010s ]
SQL: SELECT * FROM `hd_cate` ORDER BY sort  [ RunTime:0.0000s ]

[ 2016-05-24T14:00:16+08:00 ] 127.0.0.1 /blog/
INFO: [ app_init ] --START--
INFO: Run Behavior\BuildLiteBehavior [ RunTime:0.000000s ]
INFO: [ app_init ] --END-- [ RunTime:0.001000s ]
INFO: [ app_begin ] --START--
INFO: Run Behavior\ReadHtmlCacheBehavior [ RunTime:0.002000s ]
INFO: [ app_begin ] --END-- [ RunTime:0.002000s ]
SQL: SHOW COLUMNS FROM `hd_cate` [ RunTime:0.0090s ]
SQL: SELECT * FROM `hd_cate` WHERE `pid` = 0 ORDER BY sort  [ RunTime:0.0020s ]
SQL: SELECT * FROM `hd_cate` ORDER BY sort  [ RunTime:0.0010s ]

[ 2016-05-24T14:00:48+08:00 ] 127.0.0.1 /blog/
INFO: [ app_init ] --START--
INFO: Run Behavior\BuildLiteBehavior [ RunTime:0.000000s ]
INFO: [ app_init ] --END-- [ RunTime:0.001000s ]
INFO: [ app_begin ] --START--
INFO: Run Behavior\ReadHtmlCacheBehavior [ RunTime:0.002000s ]
INFO: [ app_begin ] --END-- [ RunTime:0.003000s ]
SQL: SHOW COLUMNS FROM `hd_cate` [ RunTime:0.0060s ]
SQL: SELECT * FROM `hd_cate` WHERE `pid` = 0 ORDER BY sort  [ RunTime:0.0010s ]
SQL: SELECT * FROM `hd_cate` ORDER BY sort  [ RunTime:0.0010s ]

[ 2016-05-24T14:00:50+08:00 ] 127.0.0.1 /blog/
INFO: [ app_init ] --START--
INFO: Run Behavior\BuildLiteBehavior [ RunTime:0.000000s ]
INFO: [ app_init ] --END-- [ RunTime:0.001000s ]
INFO: [ app_begin ] --START--
INFO: Run Behavior\ReadHtmlCacheBehavior [ RunTime:0.004000s ]
INFO: [ app_begin ] --END-- [ RunTime:0.004000s ]
SQL: SHOW COLUMNS FROM `hd_cate` [ RunTime:0.0070s ]
SQL: SELECT * FROM `hd_cate` WHERE `pid` = 0 ORDER BY sort  [ RunTime:0.0010s ]
SQL: SELECT * FROM `hd_cate` ORDER BY sort  [ RunTime:0.0020s ]

[ 2016-05-24T14:00:50+08:00 ] 127.0.0.1 /blog/
INFO: [ app_init ] --START--
INFO: Run Behavior\BuildLiteBehavior [ RunTime:0.000000s ]
INFO: [ app_init ] --END-- [ RunTime:0.001000s ]
INFO: [ app_begin ] --START--
INFO: Run Behavior\ReadHtmlCacheBehavior [ RunTime:0.003000s ]
INFO: [ app_begin ] --END-- [ RunTime:0.003000s ]
SQL: SHOW COLUMNS FROM `hd_cate` [ RunTime:0.0080s ]
SQL: SELECT * FROM `hd_cate` WHERE `pid` = 0 ORDER BY sort  [ RunTime:0.0010s ]
SQL: SELECT * FROM `hd_cate` ORDER BY sort  [ RunTime:0.0010s ]

[ 2016-05-24T14:00:50+08:00 ] 127.0.0.1 /blog/
INFO: [ app_init ] --START--
INFO: Run Behavior\BuildLiteBehavior [ RunTime:0.000000s ]
INFO: [ app_init ] --END-- [ RunTime:0.003000s ]
INFO: [ app_begin ] --START--
INFO: Run Behavior\ReadHtmlCacheBehavior [ RunTime:0.002000s ]
INFO: [ app_begin ] --END-- [ RunTime:0.003000s ]
SQL: SHOW COLUMNS FROM `hd_cate` [ RunTime:0.0060s ]
SQL: SELECT * FROM `hd_cate` WHERE `pid` = 0 ORDER BY sort  [ RunTime:0.0010s ]
SQL: SELECT * FROM `hd_cate` ORDER BY sort  [ RunTime:0.0140s ]

[ 2016-05-24T14:01:01+08:00 ] 127.0.0.1 /blog/
INFO: [ app_init ] --START--
INFO: Run Behavior\BuildLiteBehavior [ RunTime:0.000000s ]
INFO: [ app_init ] --END-- [ RunTime:0.001000s ]
INFO: [ app_begin ] --START--
INFO: Run Behavior\ReadHtmlCacheBehavior [ RunTime:0.002000s ]
INFO: [ app_begin ] --END-- [ RunTime:0.004000s ]
SQL: SHOW COLUMNS FROM `hd_cate` [ RunTime:0.0070s ]
SQL: SELECT * FROM `hd_cate` WHERE `pid` = 0 ORDER BY sort  [ RunTime:0.0000s ]
SQL: SELECT * FROM `hd_cate` ORDER BY sort  [ RunTime:0.0010s ]

[ 2016-05-24T14:01:47+08:00 ] 127.0.0.1 /blog/
INFO: [ app_init ] --START--
INFO: Run Behavior\BuildLiteBehavior [ RunTime:0.000000s ]
INFO: [ app_init ] --END-- [ RunTime:0.001001s ]
INFO: [ app_begin ] --START--
INFO: Run Behavior\ReadHtmlCacheBehavior [ RunTime:0.002000s ]
INFO: [ app_begin ] --END-- [ RunTime:0.002000s ]
SQL: SHOW COLUMNS FROM `hd_cate` [ RunTime:0.0080s ]
SQL: SELECT * FROM `hd_cate` WHERE `pid` = 0 ORDER BY sort  [ RunTime:0.0010s ]
SQL: SELECT * FROM `hd_cate` ORDER BY sort  [ RunTime:0.0010s ]

[ 2016-05-24T14:03:27+08:00 ] 127.0.0.1 /blog/
INFO: [ app_init ] --START--
INFO: Run Behavior\BuildLiteBehavior [ RunTime:0.000000s ]
INFO: [ app_init ] --END-- [ RunTime:0.001000s ]
INFO: [ app_begin ] --START--
INFO: Run Behavior\ReadHtmlCacheBehavior [ RunTime:0.003000s ]
INFO: [ app_begin ] --END-- [ RunTime:0.003000s ]
SQL: SHOW COLUMNS FROM `hd_cate` [ RunTime:0.0060s ]
SQL: SELECT * FROM `hd_cate` WHERE `pid` = 0 ORDER BY sort  [ RunTime:0.0000s ]
SQL: SELECT * FROM `hd_cate` ORDER BY sort  [ RunTime:0.0010s ]
SQL: SHOW COLUMNS FROM `hd_blog` [ RunTime:0.0060s ]

[ 2016-05-24T14:04:17+08:00 ] 127.0.0.1 /blog/
INFO: [ app_init ] --START--
INFO: Run Behavior\BuildLiteBehavior [ RunTime:0.000000s ]
INFO: [ app_init ] --END-- [ RunTime:0.001000s ]
INFO: [ app_begin ] --START--
INFO: Run Behavior\ReadHtmlCacheBehavior [ RunTime:0.003000s ]
INFO: [ app_begin ] --END-- [ RunTime:0.003000s ]
SQL: SHOW COLUMNS FROM `hd_cate` [ RunTime:0.0060s ]
SQL: SELECT * FROM `hd_cate` WHERE `pid` = 0 ORDER BY sort  [ RunTime:0.0010s ]
SQL: SELECT * FROM `hd_cate` ORDER BY sort  [ RunTime:0.0020s ]
SQL: SHOW COLUMNS FROM `hd_blog` [ RunTime:0.0110s ]

[ 2016-05-24T14:06:19+08:00 ] 127.0.0.1 /blog/
INFO: [ app_init ] --START--
INFO: Run Behavior\BuildLiteBehavior [ RunTime:0.000000s ]
INFO: [ app_init ] --END-- [ RunTime:0.001000s ]
INFO: [ app_begin ] --START--
INFO: Run Behavior\ReadHtmlCacheBehavior [ RunTime:0.002000s ]
INFO: [ app_begin ] --END-- [ RunTime:0.002000s ]
SQL: SHOW COLUMNS FROM `hd_cate` [ RunTime:0.0060s ]
SQL: SELECT * FROM `hd_cate` WHERE `pid` = 0 ORDER BY sort  [ RunTime:0.0010s ]
SQL: SELECT * FROM `hd_cate` ORDER BY sort  [ RunTime:0.0010s ]
SQL: SHOW COLUMNS FROM `hd_blog` [ RunTime:0.0080s ]
ERR: 表达式错误:29

[ 2016-05-24T14:10:49+08:00 ] 127.0.0.1 /blog/
INFO: [ app_init ] --START--
INFO: Run Behavior\BuildLiteBehavior [ RunTime:0.000000s ]
INFO: [ app_init ] --END-- [ RunTime:0.001000s ]
INFO: [ app_begin ] --START--
INFO: Run Behavior\ReadHtmlCacheBehavior [ RunTime:0.004000s ]
INFO: [ app_begin ] --END-- [ RunTime:0.004000s ]
SQL: SHOW COLUMNS FROM `hd_cate` [ RunTime:0.0050s ]
SQL: SELECT * FROM `hd_cate` WHERE `pid` = 0 ORDER BY sort  [ RunTime:0.0000s ]
SQL: SELECT * FROM `hd_cate` ORDER BY sort  [ RunTime:0.0010s ]
SQL: SHOW COLUMNS FROM `hd_blog` [ RunTime:0.0070s ]
SQL: SELECT `id`,`title`,`time` FROM `hd_blog` WHERE `id` IN ('29','28','1')  [ RunTime:0.0200s ]
SQL: SELECT `id`,`title`,`time` FROM `hd_blog` WHERE `id` IN ('2')  [ RunTime:0.0000s ]
SQL: SELECT `id`,`title`,`time` FROM `hd_blog` WHERE `id` IN ('14','17','3')  [ RunTime:0.0010s ]
SQL: SELECT `id`,`title`,`time` FROM `hd_blog` WHERE `id` IN ('22','23','24','4')  [ RunTime:0.0000s ]
SQL: SELECT `id`,`title`,`time` FROM `hd_blog` WHERE `id` IN ('18','19','20','21','5')  [ RunTime:0.0000s ]
SQL: SELECT `id`,`title`,`time` FROM `hd_blog` WHERE `id` IN ('25','26','6')  [ RunTime:0.0090s ]
SQL: SELECT `id`,`title`,`time` FROM `hd_blog` WHERE `id` IN ('7')  [ RunTime:0.0110s ]

[ 2016-05-24T14:12:50+08:00 ] 127.0.0.1 /blog/
INFO: [ app_init ] --START--
INFO: Run Behavior\BuildLiteBehavior [ RunTime:0.000000s ]
INFO: [ app_init ] --END-- [ RunTime:0.001000s ]
INFO: [ app_begin ] --START--
INFO: Run Behavior\ReadHtmlCacheBehavior [ RunTime:0.002001s ]
INFO: [ app_begin ] --END-- [ RunTime:0.002001s ]
SQL: SHOW COLUMNS FROM `hd_cate` [ RunTime:0.0180s ]
SQL: SELECT * FROM `hd_cate` WHERE `pid` = 0 ORDER BY sort  [ RunTime:0.0000s ]
SQL: SELECT * FROM `hd_cate` ORDER BY sort  [ RunTime:0.0000s ]
SQL: SHOW COLUMNS FROM `hd_blog` [ RunTime:0.0070s ]
SQL: SELECT `id`,`title`,`time` FROM `hd_blog` WHERE `id` IN ('29','28','1')  [ RunTime:0.0000s ]
SQL: SELECT `id`,`title`,`time` FROM `hd_blog` WHERE `id` IN ('2')  [ RunTime:0.0010s ]
SQL: SELECT `id`,`title`,`time` FROM `hd_blog` WHERE `id` IN ('14','17','3')  [ RunTime:0.0000s ]
SQL: SELECT `id`,`title`,`time` FROM `hd_blog` WHERE `id` IN ('22','23','24','4')  [ RunTime:0.0010s ]
SQL: SELECT `id`,`title`,`time` FROM `hd_blog` WHERE `id` IN ('18','19','20','21','5')  [ RunTime:0.0000s ]
SQL: SELECT `id`,`title`,`time` FROM `hd_blog` WHERE `id` IN ('25','26','6')  [ RunTime:0.0010s ]
SQL: SELECT `id`,`title`,`time` FROM `hd_blog` WHERE `id` IN ('7')  [ RunTime:0.0000s ]

[ 2016-05-24T14:26:24+08:00 ] 127.0.0.1 /blog/
INFO: [ app_init ] --START--
INFO: Run Behavior\BuildLiteBehavior [ RunTime:0.000000s ]
INFO: [ app_init ] --END-- [ RunTime:0.001000s ]
INFO: [ app_begin ] --START--
INFO: Run Behavior\ReadHtmlCacheBehavior [ RunTime:0.002000s ]
INFO: [ app_begin ] --END-- [ RunTime:0.003000s ]
SQL: SHOW COLUMNS FROM `hd_cate` [ RunTime:0.0100s ]
SQL: SELECT * FROM `hd_cate` WHERE `pid` = 0 ORDER BY sort  [ RunTime:0.0010s ]
SQL: SELECT * FROM `hd_cate` ORDER BY sort  [ RunTime:0.0010s ]
SQL: SHOW COLUMNS FROM `hd_blog` [ RunTime:0.0070s ]

[ 2016-05-24T14:27:37+08:00 ] 127.0.0.1 /blog/
INFO: [ app_init ] --START--
INFO: Run Behavior\BuildLiteBehavior [ RunTime:0.000000s ]
INFO: [ app_init ] --END-- [ RunTime:0.001000s ]
INFO: [ app_begin ] --START--
INFO: Run Behavior\ReadHtmlCacheBehavior [ RunTime:0.002000s ]
INFO: [ app_begin ] --END-- [ RunTime:0.002000s ]
SQL: SHOW COLUMNS FROM `hd_cate` [ RunTime:0.0070s ]
SQL: SELECT `id`,`name` FROM `hd_cate` WHERE `pid` = 0 ORDER BY sort  [ RunTime:0.0000s ]
SQL: SELECT * FROM `hd_cate` ORDER BY sort  [ RunTime:0.0010s ]
SQL: SHOW COLUMNS FROM `hd_blog` [ RunTime:0.0090s ]

[ 2016-05-24T14:38:46+08:00 ] 127.0.0.1 /blog/
INFO: [ app_init ] --START--
INFO: Run Behavior\BuildLiteBehavior [ RunTime:0.000000s ]
INFO: [ app_init ] --END-- [ RunTime:0.002000s ]
INFO: [ app_begin ] --START--
INFO: Run Behavior\ReadHtmlCacheBehavior [ RunTime:0.003000s ]
INFO: [ app_begin ] --END-- [ RunTime:0.003000s ]
SQL: SHOW COLUMNS FROM `hd_cate` [ RunTime:0.0070s ]
SQL: SELECT `id`,`name` FROM `hd_cate` WHERE `pid` = 0 ORDER BY sort  [ RunTime:0.0060s ]
SQL: SELECT * FROM `hd_cate` ORDER BY sort  [ RunTime:0.0050s ]
SQL: SHOW COLUMNS FROM `hd_blog` [ RunTime:0.0090s ]
SQL: SELECT `id`,`title`,`time` FROM `hd_blog` WHERE `id` IN ('29','28','1')  [ RunTime:0.0010s ]
SQL: SELECT `id`,`title`,`time` FROM `hd_blog` WHERE `id` IN ('2')  [ RunTime:0.0010s ]
SQL: SELECT `id`,`title`,`time` FROM `hd_blog` WHERE `id` IN ('14','17','3')  [ RunTime:0.0010s ]
SQL: SELECT `id`,`title`,`time` FROM `hd_blog` WHERE `id` IN ('22','23','24','4')  [ RunTime:0.0000s ]
SQL: SELECT `id`,`title`,`time` FROM `hd_blog` WHERE `id` IN ('18','19','20','21','5')  [ RunTime:0.0000s ]
SQL: SELECT `id`,`title`,`time` FROM `hd_blog` WHERE `id` IN ('25','26','6')  [ RunTime:0.0000s ]
SQL: SELECT `id`,`title`,`time` FROM `hd_blog` WHERE `id` IN ('7')  [ RunTime:0.0010s ]

[ 2016-05-24T14:43:11+08:00 ] 127.0.0.1 /blog/
INFO: [ app_init ] --START--
INFO: Run Behavior\BuildLiteBehavior [ RunTime:0.000000s ]
INFO: [ app_init ] --END-- [ RunTime:0.002000s ]
INFO: [ app_begin ] --START--
INFO: Run Behavior\ReadHtmlCacheBehavior [ RunTime:0.003000s ]
INFO: [ app_begin ] --END-- [ RunTime:0.005000s ]
SQL: SHOW COLUMNS FROM `hd_cate` [ RunTime:0.0070s ]
SQL: SELECT `id`,`name` FROM `hd_cate` WHERE `pid` = 0 ORDER BY sort  [ RunTime:0.0010s ]
SQL: SELECT * FROM `hd_cate` ORDER BY sort  [ RunTime:0.0000s ]
SQL: SHOW COLUMNS FROM `hd_blog` [ RunTime:0.0060s ]
SQL: SELECT `id`,`title`,`time` FROM `hd_blog` WHERE `cid` IN ('29','28','1')  [ RunTime:0.0010s ]
SQL: SELECT `id`,`title`,`time` FROM `hd_blog` WHERE `cid` IN ('2')  [ RunTime:0.0010s ]
SQL: SELECT `id`,`title`,`time` FROM `hd_blog` WHERE `cid` IN ('14','17','3')  [ RunTime:0.0000s ]
SQL: SELECT `id`,`title`,`time` FROM `hd_blog` WHERE `cid` IN ('22','23','24','4')  [ RunTime:0.0000s ]
SQL: SELECT `id`,`title`,`time` FROM `hd_blog` WHERE `cid` IN ('18','19','20','21','5')  [ RunTime:0.0000s ]
SQL: SELECT `id`,`title`,`time` FROM `hd_blog` WHERE `cid` IN ('25','26','6')  [ RunTime:0.0010s ]
SQL: SELECT `id`,`title`,`time` FROM `hd_blog` WHERE `cid` IN ('7')  [ RunTime:0.0010s ]

[ 2016-05-24T14:44:23+08:00 ] 127.0.0.1 /blog/
INFO: [ app_init ] --START--
INFO: Run Behavior\BuildLiteBehavior [ RunTime:0.000000s ]
INFO: [ app_init ] --END-- [ RunTime:0.001000s ]
INFO: [ app_begin ] --START--
INFO: Run Behavior\ReadHtmlCacheBehavior [ RunTime:0.002001s ]
INFO: [ app_begin ] --END-- [ RunTime:0.002001s ]
SQL: SHOW COLUMNS FROM `hd_cate` [ RunTime:0.0070s ]
SQL: SELECT `id`,`name` FROM `hd_cate` WHERE `pid` = 0 ORDER BY sort  [ RunTime:0.0000s ]
SQL: SELECT * FROM `hd_cate` ORDER BY sort  [ RunTime:0.0000s ]
SQL: SHOW COLUMNS FROM `hd_blog` [ RunTime:0.0070s ]
SQL: SELECT `id`,`title`,`time` FROM `hd_blog` WHERE `cid` IN ('29','28','1')  [ RunTime:0.0000s ]
SQL: SELECT `id`,`title`,`time` FROM `hd_blog` WHERE `cid` IN ('2')  [ RunTime:0.0010s ]
SQL: SELECT `id`,`title`,`time` FROM `hd_blog` WHERE `cid` IN ('14','17','3')  [ RunTime:0.0010s ]
SQL: SELECT `id`,`title`,`time` FROM `hd_blog` WHERE `cid` IN ('22','23','24','4')  [ RunTime:0.0010s ]
SQL: SELECT `id`,`title`,`time` FROM `hd_blog` WHERE `cid` IN ('18','19','20','21','5')  [ RunTime:0.0010s ]
SQL: SELECT `id`,`title`,`time` FROM `hd_blog` WHERE `cid` IN ('25','26','6')  [ RunTime:0.0010s ]
SQL: SELECT `id`,`title`,`time` FROM `hd_blog` WHERE `cid` IN ('7')  [ RunTime:0.0010s ]

[ 2016-05-24T15:09:55+08:00 ] 127.0.0.1 /blog/
INFO: [ app_init ] --START--
INFO: Run Behavior\BuildLiteBehavior [ RunTime:0.000000s ]
INFO: [ app_init ] --END-- [ RunTime:0.001000s ]
INFO: [ app_begin ] --START--
INFO: Run Behavior\ReadHtmlCacheBehavior [ RunTime:0.003000s ]
INFO: [ app_begin ] --END-- [ RunTime:0.003000s ]
SQL: SHOW COLUMNS FROM `hd_cate` [ RunTime:0.0060s ]
SQL: SELECT `id`,`name` FROM `hd_cate` WHERE `pid` = 0 ORDER BY sort  [ RunTime:0.0010s ]
SQL: SELECT * FROM `hd_cate` ORDER BY sort  [ RunTime:0.0010s ]
SQL: SHOW COLUMNS FROM `hd_blog` [ RunTime:0.0070s ]
SQL: SELECT `id`,`title`,`time` FROM `hd_blog` WHERE `cid` IN ('29','28','1')  [ RunTime:0.0010s ]
SQL: SELECT `id`,`title`,`time` FROM `hd_blog` WHERE `cid` IN ('2')  [ RunTime:0.0010s ]
SQL: SELECT `id`,`title`,`time` FROM `hd_blog` WHERE `cid` IN ('14','17','3')  [ RunTime:0.0010s ]
SQL: SELECT `id`,`title`,`time` FROM `hd_blog` WHERE `cid` IN ('22','23','24','4')  [ RunTime:0.0000s ]
SQL: SELECT `id`,`title`,`time` FROM `hd_blog` WHERE `cid` IN ('18','19','20','21','5')  [ RunTime:0.0000s ]
SQL: SELECT `id`,`title`,`time` FROM `hd_blog` WHERE `cid` IN ('25','26','6')  [ RunTime:0.0010s ]
SQL: SELECT `id`,`title`,`time` FROM `hd_blog` WHERE `cid` IN ('7')  [ RunTime:0.0000s ]
INFO: [ view_parse ] --START--
INFO: [ template_filter ] --START--
INFO: Run Behavior\ContentReplaceBehavior [ RunTime:0.001000s ]
INFO: [ template_filter ] --END-- [ RunTime:0.001000s ]
SQL: SELECT * FROM `hd_cate` ORDER BY sort  [ RunTime:0.0010s ]
SQL: SELECT `id`,`title`,`click` FROM `hd_blog` ORDER BY click DESC LIMIT 5   [ RunTime:0.0010s ]
SQL: SELECT `id`,`title`,`time` FROM `hd_blog` ORDER BY time DESC LIMIT 5   [ RunTime:0.0010s ]
INFO: [ view_parse ] --START--
INFO: [ template_filter ] --START--
INFO: Run Behavior\ContentReplaceBehavior [ RunTime:0.001000s ]
INFO: [ template_filter ] --END-- [ RunTime:-0.029002s ]
INFO: Run Behavior\ParseTemplateBehavior [ RunTime:0.012000s ]
INFO: [ view_parse ] --END-- [ RunTime:0.012000s ]
INFO: [ view_filter ] --START--
INFO: Run Behavior\WriteHtmlCacheBehavior [ RunTime:0.002000s ]
INFO: [ view_filter ] --END-- [ RunTime:0.002000s ]
SQL: SHOW COLUMNS FROM `hd_url` [ RunTime:0.0070s ]
SQL: SELECT * FROM `hd_url`  [ RunTime:0.0010s ]
INFO: [ view_parse ] --START--
INFO: [ template_filter ] --START--
INFO: Run Behavior\ContentReplaceBehavior [ RunTime:0.000000s ]
INFO: [ template_filter ] --END-- [ RunTime:-0.056003s ]
INFO: Run Behavior\ParseTemplateBehavior [ RunTime:0.010001s ]
INFO: [ view_parse ] --END-- [ RunTime:-0.014001s ]
INFO: [ view_filter ] --START--
INFO: Run Behavior\WriteHtmlCacheBehavior [ RunTime:0.001000s ]
INFO: [ view_filter ] --END-- [ RunTime:-0.021002s ]
INFO: Run Behavior\ParseTemplateBehavior [ RunTime:0.011001s ]
INFO: [ view_parse ] --END-- [ RunTime:-0.014001s ]
INFO: [ view_filter ] --START--
INFO: Run Behavior\WriteHtmlCacheBehavior [ RunTime:0.000000s ]
INFO: [ view_filter ] --END-- [ RunTime:-0.022002s ]
INFO: [ app_end ] --START--
INFO: Run Behavior\ShowPageTraceBehavior [ RunTime:0.002000s ]
INFO: [ app_end ] --END-- [ RunTime:0.003000s ]

[ 2016-05-24T15:17:03+08:00 ] 127.0.0.1 /blog/
INFO: [ app_init ] --START--
INFO: Run Behavior\BuildLiteBehavior [ RunTime:0.000000s ]
INFO: [ app_init ] --END-- [ RunTime:0.001000s ]
INFO: [ app_begin ] --START--
INFO: Run Behavior\ReadHtmlCacheBehavior [ RunTime:0.002000s ]
INFO: [ app_begin ] --END-- [ RunTime:0.002000s ]
SQL: SHOW COLUMNS FROM `hd_cate` [ RunTime:0.0080s ]
SQL: SELECT `id`,`name` FROM `hd_cate` WHERE `pid` = 0 ORDER BY sort  [ RunTime:0.0000s ]
SQL: SELECT * FROM `hd_cate` ORDER BY sort  [ RunTime:0.0000s ]
SQL: SHOW COLUMNS FROM `hd_blog` [ RunTime:0.0070s ]
SQL: SELECT `id`,`title`,`time` FROM `hd_blog` WHERE `cid` IN ('29','28','1')  [ RunTime:0.0010s ]
SQL: SELECT `id`,`title`,`time` FROM `hd_blog` WHERE `cid` IN ('2')  [ RunTime:0.0000s ]
SQL: SELECT `id`,`title`,`time` FROM `hd_blog` WHERE `cid` IN ('14','17','3')  [ RunTime:0.0010s ]
SQL: SELECT `id`,`title`,`time` FROM `hd_blog` WHERE `cid` IN ('22','23','24','4')  [ RunTime:0.0000s ]
SQL: SELECT `id`,`title`,`time` FROM `hd_blog` WHERE `cid` IN ('18','19','20','21','5')  [ RunTime:0.0010s ]
SQL: SELECT `id`,`title`,`time` FROM `hd_blog` WHERE `cid` IN ('25','26','6')  [ RunTime:0.0010s ]
SQL: SELECT `id`,`title`,`time` FROM `hd_blog` WHERE `cid` IN ('7')  [ RunTime:0.0000s ]

[ 2016-05-24T15:18:05+08:00 ] 127.0.0.1 /blog/
INFO: [ app_init ] --START--
INFO: Run Behavior\BuildLiteBehavior [ RunTime:0.000000s ]
INFO: [ app_init ] --END-- [ RunTime:0.001000s ]
INFO: [ app_begin ] --START--
INFO: Run Behavior\ReadHtmlCacheBehavior [ RunTime:0.003000s ]
INFO: [ app_begin ] --END-- [ RunTime:0.004001s ]
SQL: SHOW COLUMNS FROM `hd_cate` [ RunTime:0.0080s ]
SQL: SELECT `id`,`name` FROM `hd_cate` WHERE `pid` = 0 ORDER BY sort  [ RunTime:0.0010s ]
SQL: SELECT * FROM `hd_cate` ORDER BY sort  [ RunTime:0.0010s ]
SQL: SHOW COLUMNS FROM `hd_blog` [ RunTime:0.0080s ]
SQL: SELECT `id`,`title`,`time` FROM `hd_blog` WHERE `cid` IN ('29','28','1')  [ RunTime:0.0010s ]
SQL: SELECT `id`,`title`,`time` FROM `hd_blog` WHERE `cid` IN ('2')  [ RunTime:0.0010s ]
SQL: SELECT `id`,`title`,`time` FROM `hd_blog` WHERE `cid` IN ('14','17','3')  [ RunTime:0.0010s ]
SQL: SELECT `id`,`title`,`time` FROM `hd_blog` WHERE `cid` IN ('22','23','24','4')  [ RunTime:0.0010s ]
SQL: SELECT `id`,`title`,`time` FROM `hd_blog` WHERE `cid` IN ('18','19','20','21','5')  [ RunTime:0.0000s ]
SQL: SELECT `id`,`title`,`time` FROM `hd_blog` WHERE `cid` IN ('25','26','6')  [ RunTime:0.0010s ]
SQL: SELECT `id`,`title`,`time` FROM `hd_blog` WHERE `cid` IN ('7')  [ RunTime:0.0000s ]
INFO: [ view_parse ] --START--
INFO: [ template_filter ] --START--
INFO: Run Behavior\ContentReplaceBehavior [ RunTime:0.001000s ]
INFO: [ template_filter ] --END-- [ RunTime:0.001000s ]
SQL: SELECT * FROM `hd_cate` ORDER BY sort  [ RunTime:0.0010s ]
SQL: SELECT `id`,`title`,`click` FROM `hd_blog` ORDER BY click DESC LIMIT 5   [ RunTime:0.0010s ]
SQL: SELECT `id`,`title`,`time` FROM `hd_blog` ORDER BY time DESC LIMIT 5   [ RunTime:0.0010s ]
INFO: [ view_parse ] --START--
INFO: [ template_filter ] --START--
INFO: Run Behavior\ContentReplaceBehavior [ RunTime:0.000000s ]
INFO: [ template_filter ] --END-- [ RunTime:-0.038002s ]
INFO: Run Behavior\ParseTemplateBehavior [ RunTime:0.016000s ]
INFO: [ view_parse ] --END-- [ RunTime:0.016000s ]
INFO: [ view_filter ] --START--
INFO: Run Behavior\WriteHtmlCacheBehavior [ RunTime:0.003001s ]
INFO: [ view_filter ] --END-- [ RunTime:0.003001s ]
SQL: SHOW COLUMNS FROM `hd_url` [ RunTime:0.0080s ]
SQL: SELECT * FROM `hd_url`  [ RunTime:0.0000s ]
INFO: [ view_parse ] --START--
INFO: [ template_filter ] --START--
INFO: Run Behavior\ContentReplaceBehavior [ RunTime:0.000000s ]
INFO: [ template_filter ] --END-- [ RunTime:-0.067004s ]
INFO: Run Behavior\ParseTemplateBehavior [ RunTime:0.010001s ]
INFO: [ view_parse ] --END-- [ RunTime:-0.015001s ]
INFO: [ view_filter ] --START--
INFO: Run Behavior\WriteHtmlCacheBehavior [ RunTime:0.001000s ]
INFO: [ view_filter ] --END-- [ RunTime:-0.022001s ]
INFO: Run Behavior\ParseTemplateBehavior [ RunTime:0.011001s ]
INFO: [ view_parse ] --END-- [ RunTime:-0.015001s ]
INFO: [ view_filter ] --START--
INFO: Run Behavior\WriteHtmlCacheBehavior [ RunTime:0.000000s ]
INFO: [ view_filter ] --END-- [ RunTime:-0.023001s ]
INFO: [ app_end ] --START--
INFO: Run Behavior\ShowPageTraceBehavior [ RunTime:0.006001s ]
INFO: [ app_end ] --END-- [ RunTime:0.007001s ]

[ 2016-05-24T15:18:52+08:00 ] 127.0.0.1 /blog/
INFO: [ app_init ] --START--
INFO: Run Behavior\BuildLiteBehavior [ RunTime:0.000000s ]
INFO: [ app_init ] --END-- [ RunTime:0.001000s ]
INFO: [ app_begin ] --START--
INFO: Run Behavior\ReadHtmlCacheBehavior [ RunTime:0.006001s ]
INFO: [ app_begin ] --END-- [ RunTime:0.006001s ]
SQL: SHOW COLUMNS FROM `hd_cate` [ RunTime:0.0070s ]
SQL: SELECT `id`,`name` FROM `hd_cate` WHERE `pid` = 0 ORDER BY sort  [ RunTime:0.0000s ]
SQL: SELECT * FROM `hd_cate` ORDER BY sort  [ RunTime:0.0010s ]
SQL: SHOW COLUMNS FROM `hd_blog` [ RunTime:0.0070s ]
SQL: SELECT `id`,`title`,`time` FROM `hd_blog` WHERE `cid` IN ('29','28','1')  [ RunTime:0.0010s ]
SQL: SELECT `id`,`title`,`time` FROM `hd_blog` WHERE `cid` IN ('2')  [ RunTime:0.0010s ]
SQL: SELECT `id`,`title`,`time` FROM `hd_blog` WHERE `cid` IN ('14','17','3')  [ RunTime:0.0000s ]
SQL: SELECT `id`,`title`,`time` FROM `hd_blog` WHERE `cid` IN ('22','23','24','4')  [ RunTime:0.0000s ]
SQL: SELECT `id`,`title`,`time` FROM `hd_blog` WHERE `cid` IN ('18','19','20','21','5')  [ RunTime:0.0000s ]
SQL: SELECT `id`,`title`,`time` FROM `hd_blog` WHERE `cid` IN ('25','26','6')  [ RunTime:0.0010s ]
SQL: SELECT `id`,`title`,`time` FROM `hd_blog` WHERE `cid` IN ('7')  [ RunTime:0.0010s ]
INFO: [ view_parse ] --START--
INFO: [ template_filter ] --START--
INFO: Run Behavior\ContentReplaceBehavior [ RunTime:0.000000s ]
INFO: [ template_filter ] --END-- [ RunTime:0.001000s ]
SQL: SELECT * FROM `hd_cate` ORDER BY sort  [ RunTime:0.0010s ]
NOTIC: [8] Array to string conversion C:\wamp\www\blog\APP\Runtime\Cache\Home\a59b5e3d0bfe1e0eebc9ef04a084f7b9.php 第 68 行.
NOTIC: [8] Array to string conversion C:\wamp\www\blog\APP\Runtime\Cache\Home\a59b5e3d0bfe1e0eebc9ef04a084f7b9.php 第 68 行.
NOTIC: [8] Array to string conversion C:\wamp\www\blog\APP\Runtime\Cache\Home\a59b5e3d0bfe1e0eebc9ef04a084f7b9.php 第 68 行.
NOTIC: [8] Array to string conversion C:\wamp\www\blog\APP\Runtime\Cache\Home\a59b5e3d0bfe1e0eebc9ef04a084f7b9.php 第 68 行.
NOTIC: [8] Array to string conversion C:\wamp\www\blog\APP\Runtime\Cache\Home\a59b5e3d0bfe1e0eebc9ef04a084f7b9.php 第 68 行.
NOTIC: [8] Array to string conversion C:\wamp\www\blog\APP\Runtime\Cache\Home\a59b5e3d0bfe1e0eebc9ef04a084f7b9.php 第 68 行.
NOTIC: [8] Array to string conversion C:\wamp\www\blog\APP\Runtime\Cache\Home\a59b5e3d0bfe1e0eebc9ef04a084f7b9.php 第 68 行.
SQL: SELECT `id`,`title`,`click` FROM `hd_blog` ORDER BY click DESC LIMIT 5   [ RunTime:0.0010s ]
SQL: SELECT `id`,`title`,`time` FROM `hd_blog` ORDER BY time DESC LIMIT 5   [ RunTime:0.0000s ]
INFO: [ view_parse ] --START--
INFO: [ template_filter ] --START--
INFO: Run Behavior\ContentReplaceBehavior [ RunTime:0.000000s ]
INFO: [ template_filter ] --END-- [ RunTime:-0.042002s ]
INFO: Run Behavior\ParseTemplateBehavior [ RunTime:0.011000s ]
INFO: [ view_parse ] --END-- [ RunTime:0.011000s ]
INFO: [ view_filter ] --START--
INFO: Run Behavior\WriteHtmlCacheBehavior [ RunTime:0.002001s ]
INFO: [ view_filter ] --END-- [ RunTime:0.002001s ]
SQL: SHOW COLUMNS FROM `hd_url` [ RunTime:0.0070s ]
SQL: SELECT * FROM `hd_url`  [ RunTime:0.0010s ]
INFO: [ view_parse ] --START--
INFO: [ template_filter ] --START--
INFO: Run Behavior\ContentReplaceBehavior [ RunTime:0.001000s ]
INFO: [ template_filter ] --END-- [ RunTime:-0.067004s ]
INFO: Run Behavior\ParseTemplateBehavior [ RunTime:0.010001s ]
INFO: [ view_parse ] --END-- [ RunTime:-0.014001s ]
INFO: [ view_filter ] --START--
INFO: Run Behavior\WriteHtmlCacheBehavior [ RunTime:0.000000s ]
INFO: [ view_filter ] --END-- [ RunTime:-0.023001s ]
INFO: Run Behavior\ParseTemplateBehavior [ RunTime:0.011001s ]
INFO: [ view_parse ] --END-- [ RunTime:-0.014001s ]
INFO: [ view_filter ] --START--
INFO: Run Behavior\WriteHtmlCacheBehavior [ RunTime:0.000000s ]
INFO: [ view_filter ] --END-- [ RunTime:-0.023001s ]
INFO: [ app_end ] --START--
INFO: Run Behavior\ShowPageTraceBehavior [ RunTime:0.002000s ]
INFO: [ app_end ] --END-- [ RunTime:0.003000s ]

[ 2016-05-24T15:20:00+08:00 ] 127.0.0.1 /blog/
INFO: [ app_init ] --START--
INFO: Run Behavior\BuildLiteBehavior [ RunTime:0.000000s ]
INFO: [ app_init ] --END-- [ RunTime:0.001000s ]
INFO: [ app_begin ] --START--
INFO: Run Behavior\ReadHtmlCacheBehavior [ RunTime:0.005001s ]
INFO: [ app_begin ] --END-- [ RunTime:0.005001s ]
SQL: SHOW COLUMNS FROM `hd_cate` [ RunTime:0.0060s ]
SQL: SELECT `id`,`name` FROM `hd_cate` WHERE `pid` = 0 ORDER BY sort  [ RunTime:0.0010s ]
SQL: SELECT * FROM `hd_cate` ORDER BY sort  [ RunTime:0.0010s ]
SQL: SHOW COLUMNS FROM `hd_blog` [ RunTime:0.0090s ]
SQL: SELECT `id`,`title`,`time` FROM `hd_blog` WHERE `cid` IN ('29','28','1')  [ RunTime:0.0010s ]
SQL: SELECT `id`,`title`,`time` FROM `hd_blog` WHERE `cid` IN ('2')  [ RunTime:0.0010s ]
SQL: SELECT `id`,`title`,`time` FROM `hd_blog` WHERE `cid` IN ('14','17','3')  [ RunTime:0.0000s ]
SQL: SELECT `id`,`title`,`time` FROM `hd_blog` WHERE `cid` IN ('22','23','24','4')  [ RunTime:0.0010s ]
SQL: SELECT `id`,`title`,`time` FROM `hd_blog` WHERE `cid` IN ('18','19','20','21','5')  [ RunTime:0.0010s ]
SQL: SELECT `id`,`title`,`time` FROM `hd_blog` WHERE `cid` IN ('25','26','6')  [ RunTime:0.0000s ]
SQL: SELECT `id`,`title`,`time` FROM `hd_blog` WHERE `cid` IN ('7')  [ RunTime:0.0010s ]
INFO: [ view_parse ] --START--
INFO: [ template_filter ] --START--
INFO: Run Behavior\ContentReplaceBehavior [ RunTime:0.000000s ]
INFO: [ template_filter ] --END-- [ RunTime:0.001000s ]
SQL: SELECT * FROM `hd_cate` ORDER BY sort  [ RunTime:0.0010s ]
SQL: SELECT `id`,`title`,`click` FROM `hd_blog` ORDER BY click DESC LIMIT 5   [ RunTime:0.0000s ]
SQL: SELECT `id`,`title`,`time` FROM `hd_blog` ORDER BY time DESC LIMIT 5   [ RunTime:0.0010s ]
INFO: [ view_parse ] --START--
INFO: [ template_filter ] --START--
INFO: Run Behavior\ContentReplaceBehavior [ RunTime:0.000000s ]
INFO: [ template_filter ] --END-- [ RunTime:-0.027002s ]
INFO: Run Behavior\ParseTemplateBehavior [ RunTime:0.011001s ]
INFO: [ view_parse ] --END-- [ RunTime:0.011001s ]
INFO: [ view_filter ] --START--
INFO: Run Behavior\WriteHtmlCacheBehavior [ RunTime:0.002000s ]
INFO: [ view_filter ] --END-- [ RunTime:0.002000s ]
SQL: SHOW COLUMNS FROM `hd_url` [ RunTime:0.0170s ]
SQL: SELECT * FROM `hd_url`  [ RunTime:0.0060s ]
INFO: [ view_parse ] --START--
INFO: [ template_filter ] --START--
INFO: Run Behavior\ContentReplaceBehavior [ RunTime:0.000000s ]
INFO: [ template_filter ] --END-- [ RunTime:-0.068004s ]
INFO: Run Behavior\ParseTemplateBehavior [ RunTime:0.009000s ]
INFO: [ view_parse ] --END-- [ RunTime:-0.030002s ]
INFO: [ view_filter ] --START--
INFO: Run Behavior\WriteHtmlCacheBehavior [ RunTime:0.000000s ]
INFO: [ view_filter ] --END-- [ RunTime:-0.037002s ]
INFO: Run Behavior\ParseTemplateBehavior [ RunTime:0.010000s ]
INFO: [ view_parse ] --END-- [ RunTime:-0.030002s ]
INFO: [ view_filter ] --START--
INFO: Run Behavior\WriteHtmlCacheBehavior [ RunTime:0.000000s ]
INFO: [ view_filter ] --END-- [ RunTime:-0.038002s ]
INFO: [ app_end ] --START--
INFO: Run Behavior\ShowPageTraceBehavior [ RunTime:0.002000s ]
INFO: [ app_end ] --END-- [ RunTime:0.003000s ]

[ 2016-05-24T15:20:55+08:00 ] 127.0.0.1 /blog/
INFO: [ app_init ] --START--
INFO: Run Behavior\BuildLiteBehavior [ RunTime:0.000000s ]
INFO: [ app_init ] --END-- [ RunTime:0.002000s ]
INFO: [ app_begin ] --START--
INFO: Run Behavior\ReadHtmlCacheBehavior [ RunTime:0.004001s ]
INFO: [ app_begin ] --END-- [ RunTime:0.004001s ]
SQL: SHOW COLUMNS FROM `hd_cate` [ RunTime:0.0070s ]
SQL: SELECT `id`,`name` FROM `hd_cate` WHERE `pid` = 0 ORDER BY sort  [ RunTime:0.0020s ]
SQL: SELECT * FROM `hd_cate` ORDER BY sort  [ RunTime:0.0010s ]
SQL: SHOW COLUMNS FROM `hd_blog` [ RunTime:0.0080s ]
SQL: SELECT `id`,`title`,`time` FROM `hd_blog` WHERE `cid` IN ('29','28','1')  [ RunTime:0.0180s ]
SQL: SELECT `id`,`title`,`time` FROM `hd_blog` WHERE `cid` IN ('2')  [ RunTime:0.0010s ]
SQL: SELECT `id`,`title`,`time` FROM `hd_blog` WHERE `cid` IN ('14','17','3')  [ RunTime:0.0000s ]
SQL: SELECT `id`,`title`,`time` FROM `hd_blog` WHERE `cid` IN ('22','23','24','4')  [ RunTime:0.0010s ]
SQL: SELECT `id`,`title`,`time` FROM `hd_blog` WHERE `cid` IN ('18','19','20','21','5')  [ RunTime:0.0000s ]
SQL: SELECT `id`,`title`,`time` FROM `hd_blog` WHERE `cid` IN ('25','26','6')  [ RunTime:0.0010s ]
SQL: SELECT `id`,`title`,`time` FROM `hd_blog` WHERE `cid` IN ('7')  [ RunTime:0.0000s ]
INFO: [ view_parse ] --START--
INFO: [ template_filter ] --START--
INFO: Run Behavior\ContentReplaceBehavior [ RunTime:0.000000s ]
INFO: [ template_filter ] --END-- [ RunTime:0.000000s ]
SQL: SELECT * FROM `hd_cate` ORDER BY sort  [ RunTime:0.0010s ]
SQL: SELECT `id`,`title`,`click` FROM `hd_blog` ORDER BY click DESC LIMIT 5   [ RunTime:0.0010s ]
SQL: SELECT `id`,`title`,`time` FROM `hd_blog` ORDER BY time DESC LIMIT 5   [ RunTime:0.0010s ]
INFO: [ view_parse ] --START--
INFO: [ template_filter ] --START--
INFO: Run Behavior\ContentReplaceBehavior [ RunTime:0.000000s ]
INFO: [ template_filter ] --END-- [ RunTime:-0.031002s ]
INFO: Run Behavior\ParseTemplateBehavior [ RunTime:0.013000s ]
INFO: [ view_parse ] --END-- [ RunTime:0.013000s ]
INFO: [ view_filter ] --START--
INFO: Run Behavior\WriteHtmlCacheBehavior [ RunTime:0.001001s ]
INFO: [ view_filter ] --END-- [ RunTime:0.002001s ]
SQL: SHOW COLUMNS FROM `hd_url` [ RunTime:0.0070s ]
SQL: SELECT * FROM `hd_url`  [ RunTime:0.0000s ]
INFO: [ view_parse ] --START--
INFO: [ template_filter ] --START--
INFO: Run Behavior\ContentReplaceBehavior [ RunTime:0.000000s ]
INFO: [ template_filter ] --END-- [ RunTime:-0.056003s ]
INFO: Run Behavior\ParseTemplateBehavior [ RunTime:0.012001s ]
INFO: [ view_parse ] --END-- [ RunTime:-0.013001s ]
INFO: [ view_filter ] --START--
INFO: Run Behavior\WriteHtmlCacheBehavior [ RunTime:0.000000s ]
INFO: [ view_filter ] --END-- [ RunTime:-0.023001s ]
INFO: Run Behavior\ParseTemplateBehavior [ RunTime:0.012001s ]
INFO: [ view_parse ] --END-- [ RunTime:-0.013001s ]
INFO: [ view_filter ] --START--
INFO: Run Behavior\WriteHtmlCacheBehavior [ RunTime:0.000000s ]
INFO: [ view_filter ] --END-- [ RunTime:-0.024001s ]
INFO: [ app_end ] --START--
INFO: Run Behavior\ShowPageTraceBehavior [ RunTime:0.002000s ]
INFO: [ app_end ] --END-- [ RunTime:0.002000s ]

[ 2016-05-24T15:20:57+08:00 ] 127.0.0.1 /blog/2.html
INFO: [ app_init ] --START--
INFO: Run Behavior\BuildLiteBehavior [ RunTime:0.000000s ]
INFO: [ app_init ] --END-- [ RunTime:0.002000s ]
INFO: [ app_begin ] --START--
INFO: Run Behavior\ReadHtmlCacheBehavior [ RunTime:0.003001s ]
INFO: [ app_begin ] --END-- [ RunTime:0.003001s ]
INFO: [ view_parse ] --START--
INFO: [ template_filter ] --START--
INFO: Run Behavior\ContentReplaceBehavior [ RunTime:0.000000s ]
INFO: [ template_filter ] --END-- [ RunTime:0.001000s ]
SQL: SHOW COLUMNS FROM `hd_cate` [ RunTime:0.0070s ]
SQL: SELECT * FROM `hd_cate` ORDER BY sort  [ RunTime:0.0010s ]
NOTIC: [8] Undefined variable: parent C:\wamp\www\blog\APP\Runtime\Cache\Home\c2ba4bc670ae50c5e94027010e08e3a2.php 第 66 行.
NOTIC: [8] Undefined variable: parent C:\wamp\www\blog\APP\Runtime\Cache\Home\c2ba4bc670ae50c5e94027010e08e3a2.php 第 67 行.
NOTIC: [8] Undefined variable: blog C:\wamp\www\blog\APP\Runtime\Cache\Home\c2ba4bc670ae50c5e94027010e08e3a2.php 第 72 行.
NOTIC: [8] Undefined variable: blog C:\wamp\www\blog\APP\Runtime\Cache\Home\c2ba4bc670ae50c5e94027010e08e3a2.php 第 74 行.
NOTIC: [8] Undefined variable: blog C:\wamp\www\blog\APP\Runtime\Cache\Home\c2ba4bc670ae50c5e94027010e08e3a2.php 第 75 行.
NOTIC: [8] Undefined variable: blog C:\wamp\www\blog\APP\Runtime\Cache\Home\c2ba4bc670ae50c5e94027010e08e3a2.php 第 79 行.
SQL: SHOW COLUMNS FROM `hd_blog` [ RunTime:0.0080s ]
SQL: SELECT `id`,`title`,`click` FROM `hd_blog` ORDER BY click DESC LIMIT 5   [ RunTime:0.0010s ]
SQL: SELECT `id`,`title`,`time` FROM `hd_blog` ORDER BY time DESC LIMIT 5   [ RunTime:0.0010s ]
INFO: [ view_parse ] --START--
INFO: [ template_filter ] --START--
INFO: Run Behavior\ContentReplaceBehavior [ RunTime:0.000000s ]
INFO: [ template_filter ] --END-- [ RunTime:-0.181010s ]
INFO: Run Behavior\ParseTemplateBehavior [ RunTime:0.011000s ]
INFO: [ view_parse ] --END-- [ RunTime:0.012000s ]
INFO: [ view_filter ] --START--
INFO: Run Behavior\WriteHtmlCacheBehavior [ RunTime:0.002000s ]
INFO: [ view_filter ] --END-- [ RunTime:0.002000s ]
SQL: SHOW COLUMNS FROM `hd_url` [ RunTime:0.0070s ]
SQL: SELECT * FROM `hd_url`  [ RunTime:0.0010s ]
INFO: [ view_parse ] --START--
INFO: [ template_filter ] --START--
INFO: Run Behavior\ContentReplaceBehavior [ RunTime:0.000000s ]
INFO: [ template_filter ] --END-- [ RunTime:-0.206011s ]
INFO: Run Behavior\ParseTemplateBehavior [ RunTime:0.011001s ]
INFO: [ view_parse ] --END-- [ RunTime:-0.013001s ]
INFO: [ view_filter ] --START--
INFO: Run Behavior\WriteHtmlCacheBehavior [ RunTime:0.000000s ]
INFO: [ view_filter ] --END-- [ RunTime:-0.023002s ]
INFO: Run Behavior\ParseTemplateBehavior [ RunTime:0.012001s ]
INFO: [ view_parse ] --END-- [ RunTime:-0.013001s ]
INFO: [ view_filter ] --START--
INFO: Run Behavior\WriteHtmlCacheBehavior [ RunTime:0.000000s ]
INFO: [ view_filter ] --END-- [ RunTime:-0.024002s ]
INFO: [ app_end ] --START--
INFO: Run Behavior\ShowPageTraceBehavior [ RunTime:0.003000s ]
INFO: [ app_end ] --END-- [ RunTime:0.003000s ]

[ 2016-05-24T15:21:43+08:00 ] 127.0.0.1 /blog/2.html
INFO: [ app_init ] --START--
INFO: Run Behavior\BuildLiteBehavior [ RunTime:0.000000s ]
INFO: [ app_init ] --END-- [ RunTime:0.002000s ]
INFO: [ app_begin ] --START--
INFO: Run Behavior\ReadHtmlCacheBehavior [ RunTime:0.004001s ]
INFO: [ app_begin ] --END-- [ RunTime:0.006001s ]
INFO: [ view_parse ] --START--
INFO: [ template_filter ] --START--
INFO: Run Behavior\ContentReplaceBehavior [ RunTime:0.000000s ]
INFO: [ template_filter ] --END-- [ RunTime:0.001000s ]
SQL: SHOW COLUMNS FROM `hd_cate` [ RunTime:0.0060s ]
SQL: SELECT * FROM `hd_cate` ORDER BY sort  [ RunTime:0.0010s ]
NOTIC: [8] Undefined variable: parent C:\wamp\www\blog\APP\Runtime\Cache\Home\c2ba4bc670ae50c5e94027010e08e3a2.php 第 66 行.
NOTIC: [8] Undefined variable: parent C:\wamp\www\blog\APP\Runtime\Cache\Home\c2ba4bc670ae50c5e94027010e08e3a2.php 第 67 行.
NOTIC: [8] Undefined variable: blog C:\wamp\www\blog\APP\Runtime\Cache\Home\c2ba4bc670ae50c5e94027010e08e3a2.php 第 72 行.
NOTIC: [8] Undefined variable: blog C:\wamp\www\blog\APP\Runtime\Cache\Home\c2ba4bc670ae50c5e94027010e08e3a2.php 第 74 行.
NOTIC: [8] Undefined variable: blog C:\wamp\www\blog\APP\Runtime\Cache\Home\c2ba4bc670ae50c5e94027010e08e3a2.php 第 75 行.
NOTIC: [8] Undefined variable: blog C:\wamp\www\blog\APP\Runtime\Cache\Home\c2ba4bc670ae50c5e94027010e08e3a2.php 第 79 行.
SQL: SHOW COLUMNS FROM `hd_blog` [ RunTime:0.0220s ]
SQL: SELECT `id`,`title`,`click` FROM `hd_blog` ORDER BY click DESC LIMIT 5   [ RunTime:0.0010s ]
SQL: SELECT `id`,`title`,`time` FROM `hd_blog` ORDER BY time DESC LIMIT 5   [ RunTime:0.0000s ]
INFO: [ view_parse ] --START--
INFO: [ template_filter ] --START--
INFO: Run Behavior\ContentReplaceBehavior [ RunTime:0.001000s ]
INFO: [ template_filter ] --END-- [ RunTime:-0.086005s ]
INFO: Run Behavior\ParseTemplateBehavior [ RunTime:0.011000s ]
INFO: [ view_parse ] --END-- [ RunTime:0.011000s ]
INFO: [ view_filter ] --START--
INFO: Run Behavior\WriteHtmlCacheBehavior [ RunTime:0.002001s ]
INFO: [ view_filter ] --END-- [ RunTime:0.002001s ]
SQL: SHOW COLUMNS FROM `hd_url` [ RunTime:0.0060s ]
SQL: SELECT * FROM `hd_url`  [ RunTime:0.0010s ]
INFO: [ view_parse ] --START--
INFO: [ template_filter ] --START--
INFO: Run Behavior\ContentReplaceBehavior [ RunTime:0.000000s ]
INFO: [ template_filter ] --END-- [ RunTime:-0.110007s ]
INFO: Run Behavior\ParseTemplateBehavior [ RunTime:0.010001s ]
INFO: [ view_parse ] --END-- [ RunTime:-0.013001s ]
INFO: [ view_filter ] --START--
INFO: Run Behavior\WriteHtmlCacheBehavior [ RunTime:0.000000s ]
INFO: [ view_filter ] --END-- [ RunTime:-0.021001s ]
INFO: Run Behavior\ParseTemplateBehavior [ RunTime:0.011001s ]
INFO: [ view_parse ] --END-- [ RunTime:-0.013001s ]
INFO: [ view_filter ] --START--
INFO: Run Behavior\WriteHtmlCacheBehavior [ RunTime:0.001000s ]
INFO: [ view_filter ] --END-- [ RunTime:-0.023001s ]
INFO: [ app_end ] --START--
INFO: Run Behavior\ShowPageTraceBehavior [ RunTime:0.003000s ]
INFO: [ app_end ] --END-- [ RunTime:0.003000s ]

[ 2016-05-24T15:22:45+08:00 ] 127.0.0.1 /blog/
INFO: [ app_init ] --START--
INFO: Run Behavior\BuildLiteBehavior [ RunTime:0.000000s ]
INFO: [ app_init ] --END-- [ RunTime:0.001000s ]
INFO: [ app_begin ] --START--
INFO: Run Behavior\ReadHtmlCacheBehavior [ RunTime:0.003001s ]
INFO: [ app_begin ] --END-- [ RunTime:0.004001s ]
SQL: SHOW COLUMNS FROM `hd_cate` [ RunTime:0.0060s ]
SQL: SELECT `id`,`name` FROM `hd_cate` WHERE `pid` = 0 ORDER BY sort  [ RunTime:0.0010s ]
SQL: SELECT * FROM `hd_cate` ORDER BY sort  [ RunTime:0.0010s ]
SQL: SHOW COLUMNS FROM `hd_blog` [ RunTime:0.0070s ]
SQL: SELECT `id`,`title`,`time` FROM `hd_blog` WHERE `cid` IN ('29','28','1')  [ RunTime:0.0010s ]
SQL: SELECT `id`,`title`,`time` FROM `hd_blog` WHERE `cid` IN ('2')  [ RunTime:0.0010s ]
SQL: SELECT `id`,`title`,`time` FROM `hd_blog` WHERE `cid` IN ('14','17','3')  [ RunTime:0.0020s ]
SQL: SELECT `id`,`title`,`time` FROM `hd_blog` WHERE `cid` IN ('22','23','24','4')  [ RunTime:0.0010s ]
SQL: SELECT `id`,`title`,`time` FROM `hd_blog` WHERE `cid` IN ('18','19','20','21','5')  [ RunTime:0.0010s ]
SQL: SELECT `id`,`title`,`time` FROM `hd_blog` WHERE `cid` IN ('25','26','6')  [ RunTime:0.0000s ]
SQL: SELECT `id`,`title`,`time` FROM `hd_blog` WHERE `cid` IN ('7')  [ RunTime:0.0010s ]
INFO: [ view_parse ] --START--
INFO: [ template_filter ] --START--
INFO: Run Behavior\ContentReplaceBehavior [ RunTime:0.001000s ]
INFO: [ template_filter ] --END-- [ RunTime:0.001000s ]
SQL: SELECT * FROM `hd_cate` ORDER BY sort  [ RunTime:0.0010s ]
SQL: SELECT `id`,`title`,`click` FROM `hd_blog` ORDER BY click DESC LIMIT 5   [ RunTime:0.0010s ]
SQL: SELECT `id`,`title`,`time` FROM `hd_blog` ORDER BY time DESC LIMIT 5   [ RunTime:0.0020s ]
INFO: [ view_parse ] --START--
INFO: [ template_filter ] --START--
INFO: Run Behavior\ContentReplaceBehavior [ RunTime:0.000000s ]
INFO: [ template_filter ] --END-- [ RunTime:-0.035002s ]
INFO: Run Behavior\ParseTemplateBehavior [ RunTime:0.013000s ]
INFO: [ view_parse ] --END-- [ RunTime:0.014000s ]
INFO: [ view_filter ] --START--
INFO: Run Behavior\WriteHtmlCacheBehavior [ RunTime:0.002001s ]
INFO: [ view_filter ] --END-- [ RunTime:0.002001s ]
SQL: SHOW COLUMNS FROM `hd_url` [ RunTime:0.0060s ]
SQL: SELECT * FROM `hd_url`  [ RunTime:0.0010s ]
INFO: [ view_parse ] --START--
INFO: [ template_filter ] --START--
INFO: Run Behavior\ContentReplaceBehavior [ RunTime:0.000000s ]
INFO: [ template_filter ] --END-- [ RunTime:-0.061004s ]
INFO: Run Behavior\ParseTemplateBehavior [ RunTime:0.010001s ]
INFO: [ view_parse ] --END-- [ RunTime:-0.012001s ]
INFO: [ view_filter ] --START--
INFO: Run Behavior\WriteHtmlCacheBehavior [ RunTime:0.001000s ]
INFO: [ view_filter ] --END-- [ RunTime:-0.021001s ]
INFO: Run Behavior\ParseTemplateBehavior [ RunTime:0.011001s ]
INFO: [ view_parse ] --END-- [ RunTime:-0.012001s ]
INFO: [ view_filter ] --START--
INFO: Run Behavior\WriteHtmlCacheBehavior [ RunTime:0.000000s ]
INFO: [ view_filter ] --END-- [ RunTime:-0.022001s ]
INFO: [ app_end ] --START--
INFO: Run Behavior\ShowPageTraceBehavior [ RunTime:0.002000s ]
INFO: [ app_end ] --END-- [ RunTime:0.002000s ]

[ 2016-05-24T15:22:48+08:00 ] 127.0.0.1 /blog/Home/Index/c_1.html
INFO: [ app_init ] --START--
INFO: Run Behavior\BuildLiteBehavior [ RunTime:0.000000s ]
INFO: [ app_init ] --END-- [ RunTime:0.001000s ]
INFO: [ app_begin ] --START--
INFO: Run Behavior\ReadHtmlCacheBehavior [ RunTime:0.002001s ]
INFO: [ app_begin ] --END-- [ RunTime:0.003001s ]
ERR: 非法操作:c_1

[ 2016-05-24T15:23:24+08:00 ] 127.0.0.1 /blog/
INFO: [ app_init ] --START--
INFO: Run Behavior\BuildLiteBehavior [ RunTime:0.000000s ]
INFO: [ app_init ] --END-- [ RunTime:0.001000s ]
INFO: [ app_begin ] --START--
INFO: Run Behavior\ReadHtmlCacheBehavior [ RunTime:0.004000s ]
INFO: [ app_begin ] --END-- [ RunTime:0.004000s ]
SQL: SHOW COLUMNS FROM `hd_cate` [ RunTime:0.0070s ]
SQL: SELECT `id`,`name` FROM `hd_cate` WHERE `pid` = 0 ORDER BY sort  [ RunTime:0.0000s ]
SQL: SELECT * FROM `hd_cate` ORDER BY sort  [ RunTime:0.0000s ]
SQL: SHOW COLUMNS FROM `hd_blog` [ RunTime:0.0070s ]
SQL: SELECT `id`,`title`,`time` FROM `hd_blog` WHERE `cid` IN ('29','28','1')  [ RunTime:0.0010s ]
SQL: SELECT `id`,`title`,`time` FROM `hd_blog` WHERE `cid` IN ('2')  [ RunTime:0.0010s ]
SQL: SELECT `id`,`title`,`time` FROM `hd_blog` WHERE `cid` IN ('14','17','3')  [ RunTime:0.0000s ]
SQL: SELECT `id`,`title`,`time` FROM `hd_blog` WHERE `cid` IN ('22','23','24','4')  [ RunTime:0.0010s ]
SQL: SELECT `id`,`title`,`time` FROM `hd_blog` WHERE `cid` IN ('18','19','20','21','5')  [ RunTime:0.0000s ]
SQL: SELECT `id`,`title`,`time` FROM `hd_blog` WHERE `cid` IN ('25','26','6')  [ RunTime:0.0000s ]
SQL: SELECT `id`,`title`,`time` FROM `hd_blog` WHERE `cid` IN ('7')  [ RunTime:0.0010s ]
INFO: [ view_parse ] --START--
INFO: [ template_filter ] --START--
INFO: Run Behavior\ContentReplaceBehavior [ RunTime:0.000000s ]
INFO: [ template_filter ] --END-- [ RunTime:0.001000s ]
SQL: SELECT * FROM `hd_cate` ORDER BY sort  [ RunTime:0.0060s ]
SQL: SELECT `id`,`title`,`click` FROM `hd_blog` ORDER BY click DESC LIMIT 5   [ RunTime:0.0010s ]
SQL: SELECT `id`,`title`,`time` FROM `hd_blog` ORDER BY time DESC LIMIT 5   [ RunTime:0.0000s ]
INFO: [ view_parse ] --START--
INFO: [ template_filter ] --START--
INFO: Run Behavior\ContentReplaceBehavior [ RunTime:0.001000s ]
INFO: [ template_filter ] --END-- [ RunTime:-0.037002s ]
INFO: Run Behavior\ParseTemplateBehavior [ RunTime:0.011000s ]
INFO: [ view_parse ] --END-- [ RunTime:0.012000s ]
INFO: [ view_filter ] --START--
INFO: Run Behavior\WriteHtmlCacheBehavior [ RunTime:0.003001s ]
INFO: [ view_filter ] --END-- [ RunTime:0.003001s ]
SQL: SHOW COLUMNS FROM `hd_url` [ RunTime:0.0080s ]
SQL: SELECT * FROM `hd_url`  [ RunTime:0.0010s ]
INFO: [ view_parse ] --START--
INFO: [ template_filter ] --START--
INFO: Run Behavior\ContentReplaceBehavior [ RunTime:0.001001s ]
INFO: [ template_filter ] --END-- [ RunTime:-0.062003s ]
INFO: Run Behavior\ParseTemplateBehavior [ RunTime:0.009001s ]
INFO: [ view_parse ] --END-- [ RunTime:-0.013001s ]
INFO: [ view_filter ] --START--
INFO: Run Behavior\WriteHtmlCacheBehavior [ RunTime:0.000000s ]
INFO: [ view_filter ] --END-- [ RunTime:-0.020001s ]
INFO: Run Behavior\ParseTemplateBehavior [ RunTime:0.010001s ]
INFO: [ view_parse ] --END-- [ RunTime:-0.013001s ]
INFO: [ view_filter ] --START--
INFO: Run Behavior\WriteHtmlCacheBehavior [ RunTime:0.000000s ]
INFO: [ view_filter ] --END-- [ RunTime:-0.021001s ]
INFO: [ app_end ] --START--
INFO: Run Behavior\ShowPageTraceBehavior [ RunTime:0.002000s ]
INFO: [ app_end ] --END-- [ RunTime:0.003000s ]

[ 2016-05-24T15:23:27+08:00 ] 127.0.0.1 /blog/c_1.html
INFO: [ app_init ] --START--
INFO: Run Behavior\BuildLiteBehavior [ RunTime:0.000000s ]
INFO: [ app_init ] --END-- [ RunTime:0.001000s ]
INFO: [ app_begin ] --START--
INFO: Run Behavior\ReadHtmlCacheBehavior [ RunTime:0.003000s ]
INFO: [ app_begin ] --END-- [ RunTime:0.003000s ]
INFO: [ view_parse ] --START--
INFO: [ template_filter ] --START--
INFO: Run Behavior\ContentReplaceBehavior [ RunTime:0.001000s ]
INFO: [ template_filter ] --END-- [ RunTime:0.001000s ]
SQL: SHOW COLUMNS FROM `hd_cate` [ RunTime:0.0070s ]
SQL: SELECT * FROM `hd_cate` ORDER BY sort  [ RunTime:0.0030s ]
NOTIC: [8] Undefined variable: blog C:\wamp\www\blog\APP\Runtime\Cache\Home\9aecc4ace6e58d1609a44e5c5a2bcc59.php 第 65 行.
NOTIC: [8] Undefined variable: page C:\wamp\www\blog\APP\Runtime\Cache\Home\9aecc4ace6e58d1609a44e5c5a2bcc59.php 第 79 行.
SQL: SHOW COLUMNS FROM `hd_blog` [ RunTime:0.0110s ]
SQL: SELECT `id`,`title`,`click` FROM `hd_blog` ORDER BY click DESC LIMIT 5   [ RunTime:0.0030s ]
SQL: SELECT `id`,`title`,`time` FROM `hd_blog` ORDER BY time DESC LIMIT 5   [ RunTime:0.0000s ]
INFO: [ view_parse ] --START--
INFO: [ template_filter ] --START--
INFO: Run Behavior\ContentReplaceBehavior [ RunTime:0.000000s ]
INFO: [ template_filter ] --END-- [ RunTime:-0.116007s ]
INFO: Run Behavior\ParseTemplateBehavior [ RunTime:0.012001s ]
INFO: [ view_parse ] --END-- [ RunTime:0.012001s ]
INFO: [ view_filter ] --START--
INFO: Run Behavior\WriteHtmlCacheBehavior [ RunTime:0.002000s ]
INFO: [ view_filter ] --END-- [ RunTime:0.002000s ]
SQL: SHOW COLUMNS FROM `hd_url` [ RunTime:0.0070s ]
SQL: SELECT * FROM `hd_url`  [ RunTime:0.0000s ]
INFO: [ view_parse ] --START--
INFO: [ template_filter ] --START--
INFO: Run Behavior\ContentReplaceBehavior [ RunTime:0.000000s ]
INFO: [ template_filter ] --END-- [ RunTime:-0.141008s ]
INFO: Run Behavior\ParseTemplateBehavior [ RunTime:0.010000s ]
INFO: [ view_parse ] --END-- [ RunTime:-0.013001s ]
INFO: [ view_filter ] --START--
INFO: Run Behavior\WriteHtmlCacheBehavior [ RunTime:0.000000s ]
INFO: [ view_filter ] --END-- [ RunTime:-0.022001s ]
INFO: Run Behavior\ParseTemplateBehavior [ RunTime:0.011000s ]
INFO: [ view_parse ] --END-- [ RunTime:-0.013001s ]
INFO: [ view_filter ] --START--
INFO: Run Behavior\WriteHtmlCacheBehavior [ RunTime:0.000000s ]
INFO: [ view_filter ] --END-- [ RunTime:-0.023001s ]
INFO: [ app_end ] --START--
INFO: Run Behavior\ShowPageTraceBehavior [ RunTime:0.002001s ]
INFO: [ app_end ] --END-- [ RunTime:0.003001s ]

[ 2016-05-24T20:33:59+08:00 ] 127.0.0.1 /blog/c_1.html
ERR: 1054:Unknown column 'blog.summar' in 'field list'
 [ SQL语句 ] : SELECT blog.id AS id,blog.title AS title,blog.click AS click,blog.summar AS summar,cate.name AS name FROM hd_blog blog LEFT JOIN hd_cate cate ON blog.cid = cate.id 

